2018-08-12 15:35:17 DEBUG o.s.c.e.PropertySourcesPropertyResolver:96 -2018-08-12 15:35:17 DEBUG o.s.b.c.l.ClasspathLoggingApplicationListener:53 -2018-08-12 15:35:17 DEBUG o.s.c.e.PropertySourcesPropertyResolver:96 -2018-08-12 15:35:17 DEBUG o.s.c.e.StandardEnvironment:99 -2018-08-12 15:35:17 DEBUG o.s.c.e.PropertySourcesPropertyResolver:96 -2018-08-12 15:35:17 DEBUG o.s.c.e.PropertySourcesPropertyResolver:96 -2018-08-12 15:35:17 DEBUG o.s.c.e.PropertySourcesPropertyResolver:96 -2018-08-12 15:35:17 DEBUG o.s.c.e.StandardEnvironment:110 -2018-08-12 15:35:17 DEBUG o.s.c.e.StandardEnvironment:110 -2018-08-12 15:35:17 DEBUG o.s.c.e.StandardEnvironment:126 -2018-08-12 15:35:17 DEBUG o.s.c.a.ClassPathBeanDefinitionScanner:212 -2018-08-12 15:35:17 DEBUG o.s.c.e.PropertySourcesPropertyResolver:96 -2018-08-12 15:35:17 DEBUG o.s.c.e.PropertySourcesPropertyResolver:96 -2018-08-12 15:35:17 DEBUG o.s.b.f.s.DefaultListableBeanFactory:254 -2018-08-12 15:35:17 DEBUG o.s.b.f.s.DefaultListableBeanFactory:908 -2018-08-12 15:35:17 DEBUG s.r.t.tcp:229 -2018-08-12 15:35:17 DEBUG s.r.t.tcp:229 -2018-08-12 15:35:17 DEBUG s.r.loader:229 -2018-08-12 15:35:17 DEBUG s.r.s.call:237 -javax.management.InstanceNotFoundException: org.springframework.boot:type=Admin,name=SpringApplication
	at com.sun.jmx.interceptor.DefaultMBeanServerInterceptor.getMBean(DefaultMBeanServerInterceptor.java:1095)
	at com.sun.jmx.interceptor.DefaultMBeanServerInterceptor.getAttribute(DefaultMBeanServerInterceptor.java:643)
	at com.sun.jmx.mbeanserver.JmxMBeanServer.getAttribute(JmxMBeanServer.java:678)
	at javax.management.remote.rmi.RMIConnectionImpl.doOperation(RMIConnectionImpl.java:1445)
	at javax.management.remote.rmi.RMIConnectionImpl.access$300(RMIConnectionImpl.java:76)
	at javax.management.remote.rmi.RMIConnectionImpl$PrivilegedOperation.run(RMIConnectionImpl.java:1309)
	at javax.management.remote.rmi.RMIConnectionImpl.doPrivilegedOperation(RMIConnectionImpl.java:1401)
	at javax.management.remote.rmi.RMIConnectionImpl.getAttribute(RMIConnectionImpl.java:639)
	at sun.reflect.NativeMethodAccessorImpl.invoke0(Native Method)
	at sun.reflect.NativeMethodAccessorImpl.invoke(NativeMethodAccessorImpl.java:62)
	at sun.reflect.DelegatingMethodAccessorImpl.invoke(DelegatingMethodAccessorImpl.java:43)
	at java.lang.reflect.Method.invoke(Method.java:498)
	at sun.rmi.server.UnicastServerRef.dispatch(UnicastServerRef.java:357)
	at sun.rmi.transport.Transport$1.run(Transport.java:200)
	at sun.rmi.transport.Transport$1.run(Transport.java:197)
	at java.security.AccessController.doPrivileged(Native Method)
	at sun.rmi.transport.Transport.serviceCall(Transport.java:196)
	at sun.rmi.transport.tcp.TCPTransport.handleMessages(TCPTransport.java:568)
	at sun.rmi.transport.tcp.TCPTransport$ConnectionHandler.run0(TCPTransport.java:826)
	at sun.rmi.transport.tcp.TCPTransport$ConnectionHandler.lambda$run$0(TCPTransport.java:683)
	at java.security.AccessController.doPrivileged(Native Method)
	at sun.rmi.transport.tcp.TCPTransport$ConnectionHandler.run(TCPTransport.java:682)
	at java.util.concurrent.ThreadPoolExecutor.runWorker(ThreadPoolExecutor.java:1149)
	at java.util.concurrent.ThreadPoolExecutor$Worker.run(ThreadPoolExecutor.java:624)
	at java.lang.Thread.run(Thread.java:748)
2018-08-12 15:35:17 DEBUG s.r.t.tcp:229 -2018-08-12 15:35:17 DEBUG s.r.t.tcp:229 -2018-08-12 15:35:17 DEBUG s.r.loader:229 -2018-08-12 15:35:17 DEBUG s.r.s.call:237 -javax.management.InstanceNotFoundException: org.springframework.boot:type=Admin,name=SpringApplication
	at com.sun.jmx.interceptor.DefaultMBeanServerInterceptor.getMBean(DefaultMBeanServerInterceptor.java:1095)
	at com.sun.jmx.interceptor.DefaultMBeanServerInterceptor.getAttribute(DefaultMBeanServerInterceptor.java:643)
	at com.sun.jmx.mbeanserver.JmxMBeanServer.getAttribute(JmxMBeanServer.java:678)
	at javax.management.remote.rmi.RMIConnectionImpl.doOperation(RMIConnectionImpl.java:1445)
	at javax.management.remote.rmi.RMIConnectionImpl.access$300(RMIConnectionImpl.java:76)
	at javax.management.remote.rmi.RMIConnectionImpl$PrivilegedOperation.run(RMIConnectionImpl.java:1309)
	at javax.management.remote.rmi.RMIConnectionImpl.doPrivilegedOperation(RMIConnectionImpl.java:1401)
	at javax.management.remote.rmi.RMIConnectionImpl.getAttribute(RMIConnectionImpl.java:639)
	at sun.reflect.NativeMethodAccessorImpl.invoke0(Native Method)
	at sun.reflect.NativeMethodAccessorImpl.invoke(NativeMethodAccessorImpl.java:62)
	at sun.reflect.DelegatingMethodAccessorImpl.invoke(DelegatingMethodAccessorImpl.java:43)
	at java.lang.reflect.Method.invoke(Method.java:498)
	at sun.rmi.server.UnicastServerRef.dispatch(UnicastServerRef.java:357)
	at sun.rmi.transport.Transport$1.run(Transport.java:200)
	at sun.rmi.transport.Transport$1.run(Transport.java:197)
	at java.security.AccessController.doPrivileged(Native Method)
	at sun.rmi.transport.Transport.serviceCall(Transport.java:196)
	at sun.rmi.transport.tcp.TCPTransport.handleMessages(TCPTransport.java:568)
	at sun.rmi.transport.tcp.TCPTransport$ConnectionHandler.run0(TCPTransport.java:826)
	at sun.rmi.transport.tcp.TCPTransport$ConnectionHandler.lambda$run$0(TCPTransport.java:683)
	at java.security.AccessController.doPrivileged(Native Method)
	at sun.rmi.transport.tcp.TCPTransport$ConnectionHandler.run(TCPTransport.java:682)
	at java.util.concurrent.ThreadPoolExecutor.runWorker(ThreadPoolExecutor.java:1149)
	at java.util.concurrent.ThreadPoolExecutor$Worker.run(ThreadPoolExecutor.java:624)
	at java.lang.Thread.run(Thread.java:748)
2018-08-12 15:35:18 DEBUG s.r.t.tcp:229 -2018-08-12 15:35:18 DEBUG s.r.t.tcp:229 -2018-08-12 15:35:18 DEBUG s.r.loader:229 -2018-08-12 15:35:18 DEBUG s.r.s.call:237 -javax.management.InstanceNotFoundException: org.springframework.boot:type=Admin,name=SpringApplication
	at com.sun.jmx.interceptor.DefaultMBeanServerInterceptor.getMBean(DefaultMBeanServerInterceptor.java:1095)
	at com.sun.jmx.interceptor.DefaultMBeanServerInterceptor.getAttribute(DefaultMBeanServerInterceptor.java:643)
	at com.sun.jmx.mbeanserver.JmxMBeanServer.getAttribute(JmxMBeanServer.java:678)
	at javax.management.remote.rmi.RMIConnectionImpl.doOperation(RMIConnectionImpl.java:1445)
	at javax.management.remote.rmi.RMIConnectionImpl.access$300(RMIConnectionImpl.java:76)
	at javax.management.remote.rmi.RMIConnectionImpl$PrivilegedOperation.run(RMIConnectionImpl.java:1309)
	at javax.management.remote.rmi.RMIConnectionImpl.doPrivilegedOperation(RMIConnectionImpl.java:1401)
	at javax.management.remote.rmi.RMIConnectionImpl.getAttribute(RMIConnectionImpl.java:639)
	at sun.reflect.NativeMethodAccessorImpl.invoke0(Native Method)
	at sun.reflect.NativeMethodAccessorImpl.invoke(NativeMethodAccessorImpl.java:62)
	at sun.reflect.DelegatingMethodAccessorImpl.invoke(DelegatingMethodAccessorImpl.java:43)
	at java.lang.reflect.Method.invoke(Method.java:498)
	at sun.rmi.server.UnicastServerRef.dispatch(UnicastServerRef.java:357)
	at sun.rmi.transport.Transport$1.run(Transport.java:200)
	at sun.rmi.transport.Transport$1.run(Transport.java:197)
	at java.security.AccessController.doPrivileged(Native Method)
	at sun.rmi.transport.Transport.serviceCall(Transport.java:196)
	at sun.rmi.transport.tcp.TCPTransport.handleMessages(TCPTransport.java:568)
	at sun.rmi.transport.tcp.TCPTransport$ConnectionHandler.run0(TCPTransport.java:826)
	at sun.rmi.transport.tcp.TCPTransport$ConnectionHandler.lambda$run$0(TCPTransport.java:683)
	at java.security.AccessController.doPrivileged(Native Method)
	at sun.rmi.transport.tcp.TCPTransport$ConnectionHandler.run(TCPTransport.java:682)
	at java.util.concurrent.ThreadPoolExecutor.runWorker(ThreadPoolExecutor.java:1149)
	at java.util.concurrent.ThreadPoolExecutor$Worker.run(ThreadPoolExecutor.java:624)
	at java.lang.Thread.run(Thread.java:748)
2018-08-12 15:35:18 DEBUG s.r.t.tcp:229 -2018-08-12 15:35:18 DEBUG s.r.t.tcp:229 -2018-08-12 15:35:18 DEBUG s.r.loader:229 -2018-08-12 15:35:18 DEBUG s.r.s.call:237 -javax.management.InstanceNotFoundException: org.springframework.boot:type=Admin,name=SpringApplication
	at com.sun.jmx.interceptor.DefaultMBeanServerInterceptor.getMBean(DefaultMBeanServerInterceptor.java:1095)
	at com.sun.jmx.interceptor.DefaultMBeanServerInterceptor.getAttribute(DefaultMBeanServerInterceptor.java:643)
	at com.sun.jmx.mbeanserver.JmxMBeanServer.getAttribute(JmxMBeanServer.java:678)
	at javax.management.remote.rmi.RMIConnectionImpl.doOperation(RMIConnectionImpl.java:1445)
	at javax.management.remote.rmi.RMIConnectionImpl.access$300(RMIConnectionImpl.java:76)
	at javax.management.remote.rmi.RMIConnectionImpl$PrivilegedOperation.run(RMIConnectionImpl.java:1309)
	at javax.management.remote.rmi.RMIConnectionImpl.doPrivilegedOperation(RMIConnectionImpl.java:1401)
	at javax.management.remote.rmi.RMIConnectionImpl.getAttribute(RMIConnectionImpl.java:639)
	at sun.reflect.NativeMethodAccessorImpl.invoke0(Native Method)
	at sun.reflect.NativeMethodAccessorImpl.invoke(NativeMethodAccessorImpl.java:62)
	at sun.reflect.DelegatingMethodAccessorImpl.invoke(DelegatingMethodAccessorImpl.java:43)
	at java.lang.reflect.Method.invoke(Method.java:498)
	at sun.rmi.server.UnicastServerRef.dispatch(UnicastServerRef.java:357)
	at sun.rmi.transport.Transport$1.run(Transport.java:200)
	at sun.rmi.transport.Transport$1.run(Transport.java:197)
	at java.security.AccessController.doPrivileged(Native Method)
	at sun.rmi.transport.Transport.serviceCall(Transport.java:196)
	at sun.rmi.transport.tcp.TCPTransport.handleMessages(TCPTransport.java:568)
	at sun.rmi.transport.tcp.TCPTransport$ConnectionHandler.run0(TCPTransport.java:826)
	at sun.rmi.transport.tcp.TCPTransport$ConnectionHandler.lambda$run$0(TCPTransport.java:683)
	at java.security.AccessController.doPrivileged(Native Method)
	at sun.rmi.transport.tcp.TCPTransport$ConnectionHandler.run(TCPTransport.java:682)
	at java.util.concurrent.ThreadPoolExecutor.runWorker(ThreadPoolExecutor.java:1149)
	at java.util.concurrent.ThreadPoolExecutor$Worker.run(ThreadPoolExecutor.java:624)
	at java.lang.Thread.run(Thread.java:748)
2018-08-12 15:35:19 DEBUG s.r.t.tcp:229 -2018-08-12 15:35:19 DEBUG s.r.t.tcp:229 -2018-08-12 15:35:19 DEBUG s.r.loader:229 -2018-08-12 15:35:19 DEBUG s.r.s.call:237 -javax.management.InstanceNotFoundException: org.springframework.boot:type=Admin,name=SpringApplication
	at com.sun.jmx.interceptor.DefaultMBeanServerInterceptor.getMBean(DefaultMBeanServerInterceptor.java:1095)
	at com.sun.jmx.interceptor.DefaultMBeanServerInterceptor.getAttribute(DefaultMBeanServerInterceptor.java:643)
	at com.sun.jmx.mbeanserver.JmxMBeanServer.getAttribute(JmxMBeanServer.java:678)
	at javax.management.remote.rmi.RMIConnectionImpl.doOperation(RMIConnectionImpl.java:1445)
	at javax.management.remote.rmi.RMIConnectionImpl.access$300(RMIConnectionImpl.java:76)
	at javax.management.remote.rmi.RMIConnectionImpl$PrivilegedOperation.run(RMIConnectionImpl.java:1309)
	at javax.management.remote.rmi.RMIConnectionImpl.doPrivilegedOperation(RMIConnectionImpl.java:1401)
	at javax.management.remote.rmi.RMIConnectionImpl.getAttribute(RMIConnectionImpl.java:639)
	at sun.reflect.NativeMethodAccessorImpl.invoke0(Native Method)
	at sun.reflect.NativeMethodAccessorImpl.invoke(NativeMethodAccessorImpl.java:62)
	at sun.reflect.DelegatingMethodAccessorImpl.invoke(DelegatingMethodAccessorImpl.java:43)
	at java.lang.reflect.Method.invoke(Method.java:498)
	at sun.rmi.server.UnicastServerRef.dispatch(UnicastServerRef.java:357)
	at sun.rmi.transport.Transport$1.run(Transport.java:200)
	at sun.rmi.transport.Transport$1.run(Transport.java:197)
	at java.security.AccessController.doPrivileged(Native Method)
	at sun.rmi.transport.Transport.serviceCall(Transport.java:196)
	at sun.rmi.transport.tcp.TCPTransport.handleMessages(TCPTransport.java:568)
	at sun.rmi.transport.tcp.TCPTransport$ConnectionHandler.run0(TCPTransport.java:826)
	at sun.rmi.transport.tcp.TCPTransport$ConnectionHandler.lambda$run$0(TCPTransport.java:683)
	at java.security.AccessController.doPrivileged(Native Method)
	at sun.rmi.transport.tcp.TCPTransport$ConnectionHandler.run(TCPTransport.java:682)
	at java.util.concurrent.ThreadPoolExecutor.runWorker(ThreadPoolExecutor.java:1149)
	at java.util.concurrent.ThreadPoolExecutor$Worker.run(ThreadPoolExecutor.java:624)
	at java.lang.Thread.run(Thread.java:748)
2018-08-12 15:35:19 DEBUG s.r.t.tcp:229 -2018-08-12 15:35:19 DEBUG s.r.t.tcp:229 -2018-08-12 15:35:19 DEBUG s.r.loader:229 -2018-08-12 15:35:19 DEBUG s.r.s.call:237 -javax.management.InstanceNotFoundException: org.springframework.boot:type=Admin,name=SpringApplication
	at com.sun.jmx.interceptor.DefaultMBeanServerInterceptor.getMBean(DefaultMBeanServerInterceptor.java:1095)
	at com.sun.jmx.interceptor.DefaultMBeanServerInterceptor.getAttribute(DefaultMBeanServerInterceptor.java:643)
	at com.sun.jmx.mbeanserver.JmxMBeanServer.getAttribute(JmxMBeanServer.java:678)
	at javax.management.remote.rmi.RMIConnectionImpl.doOperation(RMIConnectionImpl.java:1445)
	at javax.management.remote.rmi.RMIConnectionImpl.access$300(RMIConnectionImpl.java:76)
	at javax.management.remote.rmi.RMIConnectionImpl$PrivilegedOperation.run(RMIConnectionImpl.java:1309)
	at javax.management.remote.rmi.RMIConnectionImpl.doPrivilegedOperation(RMIConnectionImpl.java:1401)
	at javax.management.remote.rmi.RMIConnectionImpl.getAttribute(RMIConnectionImpl.java:639)
	at sun.reflect.GeneratedMethodAccessor4.invoke(Unknown Source)
	at sun.reflect.DelegatingMethodAccessorImpl.invoke(DelegatingMethodAccessorImpl.java:43)
	at java.lang.reflect.Method.invoke(Method.java:498)
	at sun.rmi.server.UnicastServerRef.dispatch(UnicastServerRef.java:357)
	at sun.rmi.transport.Transport$1.run(Transport.java:200)
	at sun.rmi.transport.Transport$1.run(Transport.java:197)
	at java.security.AccessController.doPrivileged(Native Method)
	at sun.rmi.transport.Transport.serviceCall(Transport.java:196)
	at sun.rmi.transport.tcp.TCPTransport.handleMessages(TCPTransport.java:568)
	at sun.rmi.transport.tcp.TCPTransport$ConnectionHandler.run0(TCPTransport.java:826)
	at sun.rmi.transport.tcp.TCPTransport$ConnectionHandler.lambda$run$0(TCPTransport.java:683)
	at java.security.AccessController.doPrivileged(Native Method)
	at sun.rmi.transport.tcp.TCPTransport$ConnectionHandler.run(TCPTransport.java:682)
	at java.util.concurrent.ThreadPoolExecutor.runWorker(ThreadPoolExecutor.java:1149)
	at java.util.concurrent.ThreadPoolExecutor$Worker.run(ThreadPoolExecutor.java:624)
	at java.lang.Thread.run(Thread.java:748)
2018-08-12 15:35:20 DEBUG s.r.t.tcp:229 -2018-08-12 15:35:20 DEBUG s.r.t.tcp:229 -2018-08-12 15:35:20 DEBUG s.r.loader:229 -2018-08-12 15:35:20 DEBUG s.r.s.call:237 -javax.management.InstanceNotFoundException: org.springframework.boot:type=Admin,name=SpringApplication
	at com.sun.jmx.interceptor.DefaultMBeanServerInterceptor.getMBean(DefaultMBeanServerInterceptor.java:1095)
	at com.sun.jmx.interceptor.DefaultMBeanServerInterceptor.getAttribute(DefaultMBeanServerInterceptor.java:643)
	at com.sun.jmx.mbeanserver.JmxMBeanServer.getAttribute(JmxMBeanServer.java:678)
	at javax.management.remote.rmi.RMIConnectionImpl.doOperation(RMIConnectionImpl.java:1445)
	at javax.management.remote.rmi.RMIConnectionImpl.access$300(RMIConnectionImpl.java:76)
	at javax.management.remote.rmi.RMIConnectionImpl$PrivilegedOperation.run(RMIConnectionImpl.java:1309)
	at javax.management.remote.rmi.RMIConnectionImpl.doPrivilegedOperation(RMIConnectionImpl.java:1401)
	at javax.management.remote.rmi.RMIConnectionImpl.getAttribute(RMIConnectionImpl.java:639)
	at sun.reflect.GeneratedMethodAccessor4.invoke(Unknown Source)
	at sun.reflect.DelegatingMethodAccessorImpl.invoke(DelegatingMethodAccessorImpl.java:43)
	at java.lang.reflect.Method.invoke(Method.java:498)
	at sun.rmi.server.UnicastServerRef.dispatch(UnicastServerRef.java:357)
	at sun.rmi.transport.Transport$1.run(Transport.java:200)
	at sun.rmi.transport.Transport$1.run(Transport.java:197)
	at java.security.AccessController.doPrivileged(Native Method)
	at sun.rmi.transport.Transport.serviceCall(Transport.java:196)
	at sun.rmi.transport.tcp.TCPTransport.handleMessages(TCPTransport.java:568)
	at sun.rmi.transport.tcp.TCPTransport$ConnectionHandler.run0(TCPTransport.java:826)
	at sun.rmi.transport.tcp.TCPTransport$ConnectionHandler.lambda$run$0(TCPTransport.java:683)
	at java.security.AccessController.doPrivileged(Native Method)
	at sun.rmi.transport.tcp.TCPTransport$ConnectionHandler.run(TCPTransport.java:682)
	at java.util.concurrent.ThreadPoolExecutor.runWorker(ThreadPoolExecutor.java:1149)
	at java.util.concurrent.ThreadPoolExecutor$Worker.run(ThreadPoolExecutor.java:624)
	at java.lang.Thread.run(Thread.java:748)
2018-08-12 15:35:20 DEBUG s.r.t.tcp:229 -2018-08-12 15:35:20 DEBUG s.r.t.tcp:229 -2018-08-12 15:35:20 DEBUG s.r.loader:229 -2018-08-12 15:35:20 DEBUG s.r.s.call:237 -javax.management.InstanceNotFoundException: org.springframework.boot:type=Admin,name=SpringApplication
	at com.sun.jmx.interceptor.DefaultMBeanServerInterceptor.getMBean(DefaultMBeanServerInterceptor.java:1095)
	at com.sun.jmx.interceptor.DefaultMBeanServerInterceptor.getAttribute(DefaultMBeanServerInterceptor.java:643)
	at com.sun.jmx.mbeanserver.JmxMBeanServer.getAttribute(JmxMBeanServer.java:678)
	at javax.management.remote.rmi.RMIConnectionImpl.doOperation(RMIConnectionImpl.java:1445)
	at javax.management.remote.rmi.RMIConnectionImpl.access$300(RMIConnectionImpl.java:76)
	at javax.management.remote.rmi.RMIConnectionImpl$PrivilegedOperation.run(RMIConnectionImpl.java:1309)
	at javax.management.remote.rmi.RMIConnectionImpl.doPrivilegedOperation(RMIConnectionImpl.java:1401)
	at javax.management.remote.rmi.RMIConnectionImpl.getAttribute(RMIConnectionImpl.java:639)
	at sun.reflect.GeneratedMethodAccessor4.invoke(Unknown Source)
	at sun.reflect.DelegatingMethodAccessorImpl.invoke(DelegatingMethodAccessorImpl.java:43)
	at java.lang.reflect.Method.invoke(Method.java:498)
	at sun.rmi.server.UnicastServerRef.dispatch(UnicastServerRef.java:357)
	at sun.rmi.transport.Transport$1.run(Transport.java:200)
	at sun.rmi.transport.Transport$1.run(Transport.java:197)
	at java.security.AccessController.doPrivileged(Native Method)
	at sun.rmi.transport.Transport.serviceCall(Transport.java:196)
	at sun.rmi.transport.tcp.TCPTransport.handleMessages(TCPTransport.java:568)
	at sun.rmi.transport.tcp.TCPTransport$ConnectionHandler.run0(TCPTransport.java:826)
	at sun.rmi.transport.tcp.TCPTransport$ConnectionHandler.lambda$run$0(TCPTransport.java:683)
	at java.security.AccessController.doPrivileged(Native Method)
	at sun.rmi.transport.tcp.TCPTransport$ConnectionHandler.run(TCPTransport.java:682)
	at java.util.concurrent.ThreadPoolExecutor.runWorker(ThreadPoolExecutor.java:1149)
	at java.util.concurrent.ThreadPoolExecutor$Worker.run(ThreadPoolExecutor.java:624)
	at java.lang.Thread.run(Thread.java:748)
2018-08-12 15:35:21 DEBUG s.r.t.tcp:229 -2018-08-12 15:35:21 DEBUG s.r.t.tcp:229 -2018-08-12 15:35:21 DEBUG s.r.loader:229 -2018-08-12 15:35:21 DEBUG s.r.s.call:237 -javax.management.InstanceNotFoundException: org.springframework.boot:type=Admin,name=SpringApplication
	at com.sun.jmx.interceptor.DefaultMBeanServerInterceptor.getMBean(DefaultMBeanServerInterceptor.java:1095)
	at com.sun.jmx.interceptor.DefaultMBeanServerInterceptor.getAttribute(DefaultMBeanServerInterceptor.java:643)
	at com.sun.jmx.mbeanserver.JmxMBeanServer.getAttribute(JmxMBeanServer.java:678)
	at javax.management.remote.rmi.RMIConnectionImpl.doOperation(RMIConnectionImpl.java:1445)
	at javax.management.remote.rmi.RMIConnectionImpl.access$300(RMIConnectionImpl.java:76)
	at javax.management.remote.rmi.RMIConnectionImpl$PrivilegedOperation.run(RMIConnectionImpl.java:1309)
	at javax.management.remote.rmi.RMIConnectionImpl.doPrivilegedOperation(RMIConnectionImpl.java:1401)
	at javax.management.remote.rmi.RMIConnectionImpl.getAttribute(RMIConnectionImpl.java:639)
	at sun.reflect.GeneratedMethodAccessor4.invoke(Unknown Source)
	at sun.reflect.DelegatingMethodAccessorImpl.invoke(DelegatingMethodAccessorImpl.java:43)
	at java.lang.reflect.Method.invoke(Method.java:498)
	at sun.rmi.server.UnicastServerRef.dispatch(UnicastServerRef.java:357)
	at sun.rmi.transport.Transport$1.run(Transport.java:200)
	at sun.rmi.transport.Transport$1.run(Transport.java:197)
	at java.security.AccessController.doPrivileged(Native Method)
	at sun.rmi.transport.Transport.serviceCall(Transport.java:196)
	at sun.rmi.transport.tcp.TCPTransport.handleMessages(TCPTransport.java:568)
	at sun.rmi.transport.tcp.TCPTransport$ConnectionHandler.run0(TCPTransport.java:826)
	at sun.rmi.transport.tcp.TCPTransport$ConnectionHandler.lambda$run$0(TCPTransport.java:683)
	at java.security.AccessController.doPrivileged(Native Method)
	at sun.rmi.transport.tcp.TCPTransport$ConnectionHandler.run(TCPTransport.java:682)
	at java.util.concurrent.ThreadPoolExecutor.runWorker(ThreadPoolExecutor.java:1149)
	at java.util.concurrent.ThreadPoolExecutor$Worker.run(ThreadPoolExecutor.java:624)
	at java.lang.Thread.run(Thread.java:748)
2018-08-12 15:35:21 DEBUG s.r.t.tcp:229 -2018-08-12 15:35:21 DEBUG s.r.t.tcp:229 -2018-08-12 15:35:21 DEBUG s.r.loader:229 -2018-08-12 15:35:21 DEBUG s.r.s.call:237 -javax.management.InstanceNotFoundException: org.springframework.boot:type=Admin,name=SpringApplication
	at com.sun.jmx.interceptor.DefaultMBeanServerInterceptor.getMBean(DefaultMBeanServerInterceptor.java:1095)
	at com.sun.jmx.interceptor.DefaultMBeanServerInterceptor.getAttribute(DefaultMBeanServerInterceptor.java:643)
	at com.sun.jmx.mbeanserver.JmxMBeanServer.getAttribute(JmxMBeanServer.java:678)
	at javax.management.remote.rmi.RMIConnectionImpl.doOperation(RMIConnectionImpl.java:1445)
	at javax.management.remote.rmi.RMIConnectionImpl.access$300(RMIConnectionImpl.java:76)
	at javax.management.remote.rmi.RMIConnectionImpl$PrivilegedOperation.run(RMIConnectionImpl.java:1309)
	at javax.management.remote.rmi.RMIConnectionImpl.doPrivilegedOperation(RMIConnectionImpl.java:1401)
	at javax.management.remote.rmi.RMIConnectionImpl.getAttribute(RMIConnectionImpl.java:639)
	at sun.reflect.GeneratedMethodAccessor4.invoke(Unknown Source)
	at sun.reflect.DelegatingMethodAccessorImpl.invoke(DelegatingMethodAccessorImpl.java:43)
	at java.lang.reflect.Method.invoke(Method.java:498)
	at sun.rmi.server.UnicastServerRef.dispatch(UnicastServerRef.java:357)
	at sun.rmi.transport.Transport$1.run(Transport.java:200)
	at sun.rmi.transport.Transport$1.run(Transport.java:197)
	at java.security.AccessController.doPrivileged(Native Method)
	at sun.rmi.transport.Transport.serviceCall(Transport.java:196)
	at sun.rmi.transport.tcp.TCPTransport.handleMessages(TCPTransport.java:568)
	at sun.rmi.transport.tcp.TCPTransport$ConnectionHandler.run0(TCPTransport.java:826)
	at sun.rmi.transport.tcp.TCPTransport$ConnectionHandler.lambda$run$0(TCPTransport.java:683)
	at java.security.AccessController.doPrivileged(Native Method)
	at sun.rmi.transport.tcp.TCPTransport$ConnectionHandler.run(TCPTransport.java:682)
	at java.util.concurrent.ThreadPoolExecutor.runWorker(ThreadPoolExecutor.java:1149)
	at java.util.concurrent.ThreadPoolExecutor$Worker.run(ThreadPoolExecutor.java:624)
	at java.lang.Thread.run(Thread.java:748)
2018-08-12 15:35:22 DEBUG s.r.t.tcp:229 -2018-08-12 15:35:22 DEBUG s.r.t.tcp:229 -2018-08-12 15:35:22 DEBUG s.r.loader:229 -2018-08-12 15:35:22 DEBUG s.r.s.call:237 -javax.management.InstanceNotFoundException: org.springframework.boot:type=Admin,name=SpringApplication
	at com.sun.jmx.interceptor.DefaultMBeanServerInterceptor.getMBean(DefaultMBeanServerInterceptor.java:1095)
	at com.sun.jmx.interceptor.DefaultMBeanServerInterceptor.getAttribute(DefaultMBeanServerInterceptor.java:643)
	at com.sun.jmx.mbeanserver.JmxMBeanServer.getAttribute(JmxMBeanServer.java:678)
	at javax.management.remote.rmi.RMIConnectionImpl.doOperation(RMIConnectionImpl.java:1445)
	at javax.management.remote.rmi.RMIConnectionImpl.access$300(RMIConnectionImpl.java:76)
	at javax.management.remote.rmi.RMIConnectionImpl$PrivilegedOperation.run(RMIConnectionImpl.java:1309)
	at javax.management.remote.rmi.RMIConnectionImpl.doPrivilegedOperation(RMIConnectionImpl.java:1401)
	at javax.management.remote.rmi.RMIConnectionImpl.getAttribute(RMIConnectionImpl.java:639)
	at sun.reflect.GeneratedMethodAccessor4.invoke(Unknown Source)
	at sun.reflect.DelegatingMethodAccessorImpl.invoke(DelegatingMethodAccessorImpl.java:43)
	at java.lang.reflect.Method.invoke(Method.java:498)
	at sun.rmi.server.UnicastServerRef.dispatch(UnicastServerRef.java:357)
	at sun.rmi.transport.Transport$1.run(Transport.java:200)
	at sun.rmi.transport.Transport$1.run(Transport.java:197)
	at java.security.AccessController.doPrivileged(Native Method)
	at sun.rmi.transport.Transport.serviceCall(Transport.java:196)
	at sun.rmi.transport.tcp.TCPTransport.handleMessages(TCPTransport.java:568)
	at sun.rmi.transport.tcp.TCPTransport$ConnectionHandler.run0(TCPTransport.java:826)
	at sun.rmi.transport.tcp.TCPTransport$ConnectionHandler.lambda$run$0(TCPTransport.java:683)
	at java.security.AccessController.doPrivileged(Native Method)
	at sun.rmi.transport.tcp.TCPTransport$ConnectionHandler.run(TCPTransport.java:682)
	at java.util.concurrent.ThreadPoolExecutor.runWorker(ThreadPoolExecutor.java:1149)
	at java.util.concurrent.ThreadPoolExecutor$Worker.run(ThreadPoolExecutor.java:624)
	at java.lang.Thread.run(Thread.java:748)
2018-08-12 15:35:22 DEBUG s.r.t.tcp:229 -2018-08-12 15:35:22 DEBUG s.r.t.tcp:229 -2018-08-12 15:35:22 DEBUG s.r.loader:229 -2018-08-12 15:35:22 DEBUG s.r.s.call:237 -javax.management.InstanceNotFoundException: org.springframework.boot:type=Admin,name=SpringApplication
	at com.sun.jmx.interceptor.DefaultMBeanServerInterceptor.getMBean(DefaultMBeanServerInterceptor.java:1095)
	at com.sun.jmx.interceptor.DefaultMBeanServerInterceptor.getAttribute(DefaultMBeanServerInterceptor.java:643)
	at com.sun.jmx.mbeanserver.JmxMBeanServer.getAttribute(JmxMBeanServer.java:678)
	at javax.management.remote.rmi.RMIConnectionImpl.doOperation(RMIConnectionImpl.java:1445)
	at javax.management.remote.rmi.RMIConnectionImpl.access$300(RMIConnectionImpl.java:76)
	at javax.management.remote.rmi.RMIConnectionImpl$PrivilegedOperation.run(RMIConnectionImpl.java:1309)
	at javax.management.remote.rmi.RMIConnectionImpl.doPrivilegedOperation(RMIConnectionImpl.java:1401)
	at javax.management.remote.rmi.RMIConnectionImpl.getAttribute(RMIConnectionImpl.java:639)
	at sun.reflect.GeneratedMethodAccessor4.invoke(Unknown Source)
	at sun.reflect.DelegatingMethodAccessorImpl.invoke(DelegatingMethodAccessorImpl.java:43)
	at java.lang.reflect.Method.invoke(Method.java:498)
	at sun.rmi.server.UnicastServerRef.dispatch(UnicastServerRef.java:357)
	at sun.rmi.transport.Transport$1.run(Transport.java:200)
	at sun.rmi.transport.Transport$1.run(Transport.java:197)
	at java.security.AccessController.doPrivileged(Native Method)
	at sun.rmi.transport.Transport.serviceCall(Transport.java:196)
	at sun.rmi.transport.tcp.TCPTransport.handleMessages(TCPTransport.java:568)
	at sun.rmi.transport.tcp.TCPTransport$ConnectionHandler.run0(TCPTransport.java:826)
	at sun.rmi.transport.tcp.TCPTransport$ConnectionHandler.lambda$run$0(TCPTransport.java:683)
	at java.security.AccessController.doPrivileged(Native Method)
	at sun.rmi.transport.tcp.TCPTransport$ConnectionHandler.run(TCPTransport.java:682)
	at java.util.concurrent.ThreadPoolExecutor.runWorker(ThreadPoolExecutor.java:1149)
	at java.util.concurrent.ThreadPoolExecutor$Worker.run(ThreadPoolExecutor.java:624)
	at java.lang.Thread.run(Thread.java:748)
2018-08-12 15:35:23 DEBUG s.r.t.tcp:229 -2018-08-12 15:35:23 DEBUG s.r.t.tcp:229 -2018-08-12 15:35:23 DEBUG s.r.loader:229 -2018-08-12 15:35:23 DEBUG s.r.s.call:237 -javax.management.InstanceNotFoundException: org.springframework.boot:type=Admin,name=SpringApplication
	at com.sun.jmx.interceptor.DefaultMBeanServerInterceptor.getMBean(DefaultMBeanServerInterceptor.java:1095)
	at com.sun.jmx.interceptor.DefaultMBeanServerInterceptor.getAttribute(DefaultMBeanServerInterceptor.java:643)
	at com.sun.jmx.mbeanserver.JmxMBeanServer.getAttribute(JmxMBeanServer.java:678)
	at javax.management.remote.rmi.RMIConnectionImpl.doOperation(RMIConnectionImpl.java:1445)
	at javax.management.remote.rmi.RMIConnectionImpl.access$300(RMIConnectionImpl.java:76)
	at javax.management.remote.rmi.RMIConnectionImpl$PrivilegedOperation.run(RMIConnectionImpl.java:1309)
	at javax.management.remote.rmi.RMIConnectionImpl.doPrivilegedOperation(RMIConnectionImpl.java:1401)
	at javax.management.remote.rmi.RMIConnectionImpl.getAttribute(RMIConnectionImpl.java:639)
	at sun.reflect.GeneratedMethodAccessor4.invoke(Unknown Source)
	at sun.reflect.DelegatingMethodAccessorImpl.invoke(DelegatingMethodAccessorImpl.java:43)
	at java.lang.reflect.Method.invoke(Method.java:498)
	at sun.rmi.server.UnicastServerRef.dispatch(UnicastServerRef.java:357)
	at sun.rmi.transport.Transport$1.run(Transport.java:200)
	at sun.rmi.transport.Transport$1.run(Transport.java:197)
	at java.security.AccessController.doPrivileged(Native Method)
	at sun.rmi.transport.Transport.serviceCall(Transport.java:196)
	at sun.rmi.transport.tcp.TCPTransport.handleMessages(TCPTransport.java:568)
	at sun.rmi.transport.tcp.TCPTransport$ConnectionHandler.run0(TCPTransport.java:826)
	at sun.rmi.transport.tcp.TCPTransport$ConnectionHandler.lambda$run$0(TCPTransport.java:683)
	at java.security.AccessController.doPrivileged(Native Method)
	at sun.rmi.transport.tcp.TCPTransport$ConnectionHandler.run(TCPTransport.java:682)
	at java.util.concurrent.ThreadPoolExecutor.runWorker(ThreadPoolExecutor.java:1149)
	at java.util.concurrent.ThreadPoolExecutor$Worker.run(ThreadPoolExecutor.java:624)
	at java.lang.Thread.run(Thread.java:748)
2018-08-12 15:35:23 DEBUG s.r.t.tcp:229 -2018-08-12 15:35:23 DEBUG s.r.t.tcp:229 -2018-08-12 15:35:23 DEBUG s.r.loader:229 -2018-08-12 15:35:23 DEBUG s.r.s.call:237 -javax.management.InstanceNotFoundException: org.springframework.boot:type=Admin,name=SpringApplication
	at com.sun.jmx.interceptor.DefaultMBeanServerInterceptor.getMBean(DefaultMBeanServerInterceptor.java:1095)
	at com.sun.jmx.interceptor.DefaultMBeanServerInterceptor.getAttribute(DefaultMBeanServerInterceptor.java:643)
	at com.sun.jmx.mbeanserver.JmxMBeanServer.getAttribute(JmxMBeanServer.java:678)
	at javax.management.remote.rmi.RMIConnectionImpl.doOperation(RMIConnectionImpl.java:1445)
	at javax.management.remote.rmi.RMIConnectionImpl.access$300(RMIConnectionImpl.java:76)
	at javax.management.remote.rmi.RMIConnectionImpl$PrivilegedOperation.run(RMIConnectionImpl.java:1309)
	at javax.management.remote.rmi.RMIConnectionImpl.doPrivilegedOperation(RMIConnectionImpl.java:1401)
	at javax.management.remote.rmi.RMIConnectionImpl.getAttribute(RMIConnectionImpl.java:639)
	at sun.reflect.GeneratedMethodAccessor4.invoke(Unknown Source)
	at sun.reflect.DelegatingMethodAccessorImpl.invoke(DelegatingMethodAccessorImpl.java:43)
	at java.lang.reflect.Method.invoke(Method.java:498)
	at sun.rmi.server.UnicastServerRef.dispatch(UnicastServerRef.java:357)
	at sun.rmi.transport.Transport$1.run(Transport.java:200)
	at sun.rmi.transport.Transport$1.run(Transport.java:197)
	at java.security.AccessController.doPrivileged(Native Method)
	at sun.rmi.transport.Transport.serviceCall(Transport.java:196)
	at sun.rmi.transport.tcp.TCPTransport.handleMessages(TCPTransport.java:568)
	at sun.rmi.transport.tcp.TCPTransport$ConnectionHandler.run0(TCPTransport.java:826)
	at sun.rmi.transport.tcp.TCPTransport$ConnectionHandler.lambda$run$0(TCPTransport.java:683)
	at java.security.AccessController.doPrivileged(Native Method)
	at sun.rmi.transport.tcp.TCPTransport$ConnectionHandler.run(TCPTransport.java:682)
	at java.util.concurrent.ThreadPoolExecutor.runWorker(ThreadPoolExecutor.java:1149)
	at java.util.concurrent.ThreadPoolExecutor$Worker.run(ThreadPoolExecutor.java:624)
	at java.lang.Thread.run(Thread.java:748)
2018-08-12 15:35:24 DEBUG s.r.t.tcp:229 -2018-08-12 15:35:24 DEBUG s.r.t.tcp:229 -2018-08-12 15:35:24 DEBUG s.r.loader:229 -2018-08-12 15:35:24 DEBUG s.r.s.call:237 -javax.management.InstanceNotFoundException: org.springframework.boot:type=Admin,name=SpringApplication
	at com.sun.jmx.interceptor.DefaultMBeanServerInterceptor.getMBean(DefaultMBeanServerInterceptor.java:1095)
	at com.sun.jmx.interceptor.DefaultMBeanServerInterceptor.getAttribute(DefaultMBeanServerInterceptor.java:643)
	at com.sun.jmx.mbeanserver.JmxMBeanServer.getAttribute(JmxMBeanServer.java:678)
	at javax.management.remote.rmi.RMIConnectionImpl.doOperation(RMIConnectionImpl.java:1445)
	at javax.management.remote.rmi.RMIConnectionImpl.access$300(RMIConnectionImpl.java:76)
	at javax.management.remote.rmi.RMIConnectionImpl$PrivilegedOperation.run(RMIConnectionImpl.java:1309)
	at javax.management.remote.rmi.RMIConnectionImpl.doPrivilegedOperation(RMIConnectionImpl.java:1401)
	at javax.management.remote.rmi.RMIConnectionImpl.getAttribute(RMIConnectionImpl.java:639)
	at sun.reflect.GeneratedMethodAccessor4.invoke(Unknown Source)
	at sun.reflect.DelegatingMethodAccessorImpl.invoke(DelegatingMethodAccessorImpl.java:43)
	at java.lang.reflect.Method.invoke(Method.java:498)
	at sun.rmi.server.UnicastServerRef.dispatch(UnicastServerRef.java:357)
	at sun.rmi.transport.Transport$1.run(Transport.java:200)
	at sun.rmi.transport.Transport$1.run(Transport.java:197)
	at java.security.AccessController.doPrivileged(Native Method)
	at sun.rmi.transport.Transport.serviceCall(Transport.java:196)
	at sun.rmi.transport.tcp.TCPTransport.handleMessages(TCPTransport.java:568)
	at sun.rmi.transport.tcp.TCPTransport$ConnectionHandler.run0(TCPTransport.java:826)
	at sun.rmi.transport.tcp.TCPTransport$ConnectionHandler.lambda$run$0(TCPTransport.java:683)
	at java.security.AccessController.doPrivileged(Native Method)
	at sun.rmi.transport.tcp.TCPTransport$ConnectionHandler.run(TCPTransport.java:682)
	at java.util.concurrent.ThreadPoolExecutor.runWorker(ThreadPoolExecutor.java:1149)
	at java.util.concurrent.ThreadPoolExecutor$Worker.run(ThreadPoolExecutor.java:624)
	at java.lang.Thread.run(Thread.java:748)
2018-08-12 15:35:24 DEBUG s.r.t.tcp:229 -2018-08-12 15:35:24 DEBUG s.r.t.tcp:229 -2018-08-12 15:35:24 DEBUG s.r.loader:229 -2018-08-12 15:35:24 DEBUG s.r.s.call:237 -javax.management.InstanceNotFoundException: org.springframework.boot:type=Admin,name=SpringApplication
	at com.sun.jmx.interceptor.DefaultMBeanServerInterceptor.getMBean(DefaultMBeanServerInterceptor.java:1095)
	at com.sun.jmx.interceptor.DefaultMBeanServerInterceptor.getAttribute(DefaultMBeanServerInterceptor.java:643)
	at com.sun.jmx.mbeanserver.JmxMBeanServer.getAttribute(JmxMBeanServer.java:678)
	at javax.management.remote.rmi.RMIConnectionImpl.doOperation(RMIConnectionImpl.java:1445)
	at javax.management.remote.rmi.RMIConnectionImpl.access$300(RMIConnectionImpl.java:76)
	at javax.management.remote.rmi.RMIConnectionImpl$PrivilegedOperation.run(RMIConnectionImpl.java:1309)
	at javax.management.remote.rmi.RMIConnectionImpl.doPrivilegedOperation(RMIConnectionImpl.java:1401)
	at javax.management.remote.rmi.RMIConnectionImpl.getAttribute(RMIConnectionImpl.java:639)
	at sun.reflect.GeneratedMethodAccessor4.invoke(Unknown Source)
	at sun.reflect.DelegatingMethodAccessorImpl.invoke(DelegatingMethodAccessorImpl.java:43)
	at java.lang.reflect.Method.invoke(Method.java:498)
	at sun.rmi.server.UnicastServerRef.dispatch(UnicastServerRef.java:357)
	at sun.rmi.transport.Transport$1.run(Transport.java:200)
	at sun.rmi.transport.Transport$1.run(Transport.java:197)
	at java.security.AccessController.doPrivileged(Native Method)
	at sun.rmi.transport.Transport.serviceCall(Transport.java:196)
	at sun.rmi.transport.tcp.TCPTransport.handleMessages(TCPTransport.java:568)
	at sun.rmi.transport.tcp.TCPTransport$ConnectionHandler.run0(TCPTransport.java:826)
	at sun.rmi.transport.tcp.TCPTransport$ConnectionHandler.lambda$run$0(TCPTransport.java:683)
	at java.security.AccessController.doPrivileged(Native Method)
	at sun.rmi.transport.tcp.TCPTransport$ConnectionHandler.run(TCPTransport.java:682)
	at java.util.concurrent.ThreadPoolExecutor.runWorker(ThreadPoolExecutor.java:1149)
	at java.util.concurrent.ThreadPoolExecutor$Worker.run(ThreadPoolExecutor.java:624)
	at java.lang.Thread.run(Thread.java:748)
2018-08-12 15:35:25 DEBUG s.r.t.tcp:229 -2018-08-12 15:35:25 DEBUG s.r.t.tcp:229 -2018-08-12 15:35:25 DEBUG s.r.loader:229 -2018-08-12 15:35:25 DEBUG s.r.s.call:237 -javax.management.InstanceNotFoundException: org.springframework.boot:type=Admin,name=SpringApplication
	at com.sun.jmx.interceptor.DefaultMBeanServerInterceptor.getMBean(DefaultMBeanServerInterceptor.java:1095)
	at com.sun.jmx.interceptor.DefaultMBeanServerInterceptor.getAttribute(DefaultMBeanServerInterceptor.java:643)
	at com.sun.jmx.mbeanserver.JmxMBeanServer.getAttribute(JmxMBeanServer.java:678)
	at javax.management.remote.rmi.RMIConnectionImpl.doOperation(RMIConnectionImpl.java:1445)
	at javax.management.remote.rmi.RMIConnectionImpl.access$300(RMIConnectionImpl.java:76)
	at javax.management.remote.rmi.RMIConnectionImpl$PrivilegedOperation.run(RMIConnectionImpl.java:1309)
	at javax.management.remote.rmi.RMIConnectionImpl.doPrivilegedOperation(RMIConnectionImpl.java:1401)
	at javax.management.remote.rmi.RMIConnectionImpl.getAttribute(RMIConnectionImpl.java:639)
	at sun.reflect.GeneratedMethodAccessor4.invoke(Unknown Source)
	at sun.reflect.DelegatingMethodAccessorImpl.invoke(DelegatingMethodAccessorImpl.java:43)
	at java.lang.reflect.Method.invoke(Method.java:498)
	at sun.rmi.server.UnicastServerRef.dispatch(UnicastServerRef.java:357)
	at sun.rmi.transport.Transport$1.run(Transport.java:200)
	at sun.rmi.transport.Transport$1.run(Transport.java:197)
	at java.security.AccessController.doPrivileged(Native Method)
	at sun.rmi.transport.Transport.serviceCall(Transport.java:196)
	at sun.rmi.transport.tcp.TCPTransport.handleMessages(TCPTransport.java:568)
	at sun.rmi.transport.tcp.TCPTransport$ConnectionHandler.run0(TCPTransport.java:826)
	at sun.rmi.transport.tcp.TCPTransport$ConnectionHandler.lambda$run$0(TCPTransport.java:683)
	at java.security.AccessController.doPrivileged(Native Method)
	at sun.rmi.transport.tcp.TCPTransport$ConnectionHandler.run(TCPTransport.java:682)
	at java.util.concurrent.ThreadPoolExecutor.runWorker(ThreadPoolExecutor.java:1149)
	at java.util.concurrent.ThreadPoolExecutor$Worker.run(ThreadPoolExecutor.java:624)
	at java.lang.Thread.run(Thread.java:748)
2018-08-12 15:35:25 DEBUG s.r.t.tcp:229 -2018-08-12 15:35:25 DEBUG s.r.t.tcp:229 -2018-08-12 15:35:25 DEBUG s.r.loader:229 -2018-08-12 15:35:25 DEBUG s.r.s.call:237 -javax.management.InstanceNotFoundException: org.springframework.boot:type=Admin,name=SpringApplication
	at com.sun.jmx.interceptor.DefaultMBeanServerInterceptor.getMBean(DefaultMBeanServerInterceptor.java:1095)
	at com.sun.jmx.interceptor.DefaultMBeanServerInterceptor.getAttribute(DefaultMBeanServerInterceptor.java:643)
	at com.sun.jmx.mbeanserver.JmxMBeanServer.getAttribute(JmxMBeanServer.java:678)
	at javax.management.remote.rmi.RMIConnectionImpl.doOperation(RMIConnectionImpl.java:1445)
	at javax.management.remote.rmi.RMIConnectionImpl.access$300(RMIConnectionImpl.java:76)
	at javax.management.remote.rmi.RMIConnectionImpl$PrivilegedOperation.run(RMIConnectionImpl.java:1309)
	at javax.management.remote.rmi.RMIConnectionImpl.doPrivilegedOperation(RMIConnectionImpl.java:1401)
	at javax.management.remote.rmi.RMIConnectionImpl.getAttribute(RMIConnectionImpl.java:639)
	at sun.reflect.GeneratedMethodAccessor4.invoke(Unknown Source)
	at sun.reflect.DelegatingMethodAccessorImpl.invoke(DelegatingMethodAccessorImpl.java:43)
	at java.lang.reflect.Method.invoke(Method.java:498)
	at sun.rmi.server.UnicastServerRef.dispatch(UnicastServerRef.java:357)
	at sun.rmi.transport.Transport$1.run(Transport.java:200)
	at sun.rmi.transport.Transport$1.run(Transport.java:197)
	at java.security.AccessController.doPrivileged(Native Method)
	at sun.rmi.transport.Transport.serviceCall(Transport.java:196)
	at sun.rmi.transport.tcp.TCPTransport.handleMessages(TCPTransport.java:568)
	at sun.rmi.transport.tcp.TCPTransport$ConnectionHandler.run0(TCPTransport.java:826)
	at sun.rmi.transport.tcp.TCPTransport$ConnectionHandler.lambda$run$0(TCPTransport.java:683)
	at java.security.AccessController.doPrivileged(Native Method)
	at sun.rmi.transport.tcp.TCPTransport$ConnectionHandler.run(TCPTransport.java:682)
	at java.util.concurrent.ThreadPoolExecutor.runWorker(ThreadPoolExecutor.java:1149)
	at java.util.concurrent.ThreadPoolExecutor$Worker.run(ThreadPoolExecutor.java:624)
	at java.lang.Thread.run(Thread.java:748)
2018-08-12 15:35:26 DEBUG s.r.t.tcp:229 -2018-08-12 15:35:26 DEBUG s.r.t.tcp:229 -2018-08-12 15:35:26 DEBUG s.r.loader:229 -2018-08-12 15:35:26 DEBUG s.r.s.call:237 -javax.management.InstanceNotFoundException: org.springframework.boot:type=Admin,name=SpringApplication
	at com.sun.jmx.interceptor.DefaultMBeanServerInterceptor.getMBean(DefaultMBeanServerInterceptor.java:1095)
	at com.sun.jmx.interceptor.DefaultMBeanServerInterceptor.getAttribute(DefaultMBeanServerInterceptor.java:643)
	at com.sun.jmx.mbeanserver.JmxMBeanServer.getAttribute(JmxMBeanServer.java:678)
	at javax.management.remote.rmi.RMIConnectionImpl.doOperation(RMIConnectionImpl.java:1445)
	at javax.management.remote.rmi.RMIConnectionImpl.access$300(RMIConnectionImpl.java:76)
	at javax.management.remote.rmi.RMIConnectionImpl$PrivilegedOperation.run(RMIConnectionImpl.java:1309)
	at javax.management.remote.rmi.RMIConnectionImpl.doPrivilegedOperation(RMIConnectionImpl.java:1401)
	at javax.management.remote.rmi.RMIConnectionImpl.getAttribute(RMIConnectionImpl.java:639)
	at sun.reflect.GeneratedMethodAccessor4.invoke(Unknown Source)
	at sun.reflect.DelegatingMethodAccessorImpl.invoke(DelegatingMethodAccessorImpl.java:43)
	at java.lang.reflect.Method.invoke(Method.java:498)
	at sun.rmi.server.UnicastServerRef.dispatch(UnicastServerRef.java:357)
	at sun.rmi.transport.Transport$1.run(Transport.java:200)
	at sun.rmi.transport.Transport$1.run(Transport.java:197)
	at java.security.AccessController.doPrivileged(Native Method)
	at sun.rmi.transport.Transport.serviceCall(Transport.java:196)
	at sun.rmi.transport.tcp.TCPTransport.handleMessages(TCPTransport.java:568)
	at sun.rmi.transport.tcp.TCPTransport$ConnectionHandler.run0(TCPTransport.java:826)
	at sun.rmi.transport.tcp.TCPTransport$ConnectionHandler.lambda$run$0(TCPTransport.java:683)
	at java.security.AccessController.doPrivileged(Native Method)
	at sun.rmi.transport.tcp.TCPTransport$ConnectionHandler.run(TCPTransport.java:682)
	at java.util.concurrent.ThreadPoolExecutor.runWorker(ThreadPoolExecutor.java:1149)
	at java.util.concurrent.ThreadPoolExecutor$Worker.run(ThreadPoolExecutor.java:624)
	at java.lang.Thread.run(Thread.java:748)
2018-08-12 15:35:26 DEBUG s.r.t.tcp:229 -2018-08-12 15:35:26 DEBUG s.r.t.tcp:229 -2018-08-12 15:35:26 DEBUG s.r.loader:229 -2018-08-12 15:35:26 DEBUG s.r.s.call:237 -javax.management.InstanceNotFoundException: org.springframework.boot:type=Admin,name=SpringApplication
	at com.sun.jmx.interceptor.DefaultMBeanServerInterceptor.getMBean(DefaultMBeanServerInterceptor.java:1095)
	at com.sun.jmx.interceptor.DefaultMBeanServerInterceptor.getAttribute(DefaultMBeanServerInterceptor.java:643)
	at com.sun.jmx.mbeanserver.JmxMBeanServer.getAttribute(JmxMBeanServer.java:678)
	at javax.management.remote.rmi.RMIConnectionImpl.doOperation(RMIConnectionImpl.java:1445)
	at javax.management.remote.rmi.RMIConnectionImpl.access$300(RMIConnectionImpl.java:76)
	at javax.management.remote.rmi.RMIConnectionImpl$PrivilegedOperation.run(RMIConnectionImpl.java:1309)
	at javax.management.remote.rmi.RMIConnectionImpl.doPrivilegedOperation(RMIConnectionImpl.java:1401)
	at javax.management.remote.rmi.RMIConnectionImpl.getAttribute(RMIConnectionImpl.java:639)
	at sun.reflect.GeneratedMethodAccessor4.invoke(Unknown Source)
	at sun.reflect.DelegatingMethodAccessorImpl.invoke(DelegatingMethodAccessorImpl.java:43)
	at java.lang.reflect.Method.invoke(Method.java:498)
	at sun.rmi.server.UnicastServerRef.dispatch(UnicastServerRef.java:357)
	at sun.rmi.transport.Transport$1.run(Transport.java:200)
	at sun.rmi.transport.Transport$1.run(Transport.java:197)
	at java.security.AccessController.doPrivileged(Native Method)
	at sun.rmi.transport.Transport.serviceCall(Transport.java:196)
	at sun.rmi.transport.tcp.TCPTransport.handleMessages(TCPTransport.java:568)
	at sun.rmi.transport.tcp.TCPTransport$ConnectionHandler.run0(TCPTransport.java:826)
	at sun.rmi.transport.tcp.TCPTransport$ConnectionHandler.lambda$run$0(TCPTransport.java:683)
	at java.security.AccessController.doPrivileged(Native Method)
	at sun.rmi.transport.tcp.TCPTransport$ConnectionHandler.run(TCPTransport.java:682)
	at java.util.concurrent.ThreadPoolExecutor.runWorker(ThreadPoolExecutor.java:1149)
	at java.util.concurrent.ThreadPoolExecutor$Worker.run(ThreadPoolExecutor.java:624)
	at java.lang.Thread.run(Thread.java:748)
2018-08-12 15:35:27 INFO  c.a.M.MavenSpringBootCachingWithLog4jThruAnnotationApplication:50 -2018-08-12 15:35:27 DEBUG c.a.M.MavenSpringBootCachingWithLog4jThruAnnotationApplication:53 -2018-08-12 15:35:27 DEBUG o.s.c.e.PropertySourcesPropertyResolver:96 -2018-08-12 15:35:27 DEBUG o.s.c.e.PropertySourcesPropertyResolver:96 -2018-08-12 15:35:27 INFO  c.a.M.MavenSpringBootCachingWithLog4jThruAnnotationApplication:662 -2018-08-12 15:35:27 DEBUG o.s.b.SpringApplication:690 -2018-08-12 15:35:27 DEBUG o.s.c.a.ClassPathBeanDefinitionScanner:212 -2018-08-12 15:35:27 DEBUG o.s.b.c.c.ConfigFileApplicationListener:172 -2018-08-12 15:35:27 INFO  o.s.c.a.AnnotationConfigApplicationContext:590 -2018-08-12 15:35:27 DEBUG o.s.c.a.AnnotationConfigApplicationContext:624 -2018-08-12 15:35:27 DEBUG o.s.b.f.s.DefaultListableBeanFactory:213 -2018-08-12 15:35:27 DEBUG o.s.b.f.s.DefaultListableBeanFactory:460 -2018-08-12 15:35:27 DEBUG o.s.b.f.s.DefaultListableBeanFactory:563 -2018-08-12 15:35:27 DEBUG o.s.b.f.s.DefaultListableBeanFactory:213 -2018-08-12 15:35:27 DEBUG o.s.b.f.s.DefaultListableBeanFactory:460 -2018-08-12 15:35:27 DEBUG o.s.b.f.s.DefaultListableBeanFactory:563 -2018-08-12 15:35:27 DEBUG o.s.b.f.s.DefaultListableBeanFactory:497 -2018-08-12 15:35:27 DEBUG o.s.b.f.s.DefaultListableBeanFactory:497 -2018-08-12 15:35:27 DEBUG o.s.c.a.ClassPathBeanDefinitionScanner:212 -2018-08-12 15:35:27 DEBUG o.s.c.i.s.PathMatchingResourcePatternResolver:321 -2018-08-12 15:35:27 DEBUG o.s.c.i.s.PathMatchingResourcePatternResolver:721 -2018-08-12 15:35:27 DEBUG o.s.c.i.s.PathMatchingResourcePatternResolver:783 -2018-08-12 15:35:27 DEBUG o.s.c.i.s.PathMatchingResourcePatternResolver:783 -2018-08-12 15:35:27 DEBUG o.s.c.i.s.PathMatchingResourcePatternResolver:783 -2018-08-12 15:35:27 DEBUG o.s.c.i.s.PathMatchingResourcePatternResolver:514 -2018-08-12 15:35:27 DEBUG o.s.c.a.ClassPathBeanDefinitionScanner:437 -2018-08-12 15:35:27 DEBUG o.s.c.a.ClassPathBeanDefinitionScanner:437 -2018-08-12 15:35:27 DEBUG s.r.t.tcp:229 -2018-08-12 15:35:27 DEBUG s.r.t.tcp:229 -2018-08-12 15:35:27 DEBUG s.r.loader:229 -2018-08-12 15:35:27 DEBUG s.r.s.call:237 -javax.management.InstanceNotFoundException: org.springframework.boot:type=Admin,name=SpringApplication
	at com.sun.jmx.interceptor.DefaultMBeanServerInterceptor.getMBean(DefaultMBeanServerInterceptor.java:1095)
	at com.sun.jmx.interceptor.DefaultMBeanServerInterceptor.getAttribute(DefaultMBeanServerInterceptor.java:643)
	at com.sun.jmx.mbeanserver.JmxMBeanServer.getAttribute(JmxMBeanServer.java:678)
	at javax.management.remote.rmi.RMIConnectionImpl.doOperation(RMIConnectionImpl.java:1445)
	at javax.management.remote.rmi.RMIConnectionImpl.access$300(RMIConnectionImpl.java:76)
	at javax.management.remote.rmi.RMIConnectionImpl$PrivilegedOperation.run(RMIConnectionImpl.java:1309)
	at javax.management.remote.rmi.RMIConnectionImpl.doPrivilegedOperation(RMIConnectionImpl.java:1401)
	at javax.management.remote.rmi.RMIConnectionImpl.getAttribute(RMIConnectionImpl.java:639)
	at sun.reflect.GeneratedMethodAccessor4.invoke(Unknown Source)
	at sun.reflect.DelegatingMethodAccessorImpl.invoke(DelegatingMethodAccessorImpl.java:43)
	at java.lang.reflect.Method.invoke(Method.java:498)
	at sun.rmi.server.UnicastServerRef.dispatch(UnicastServerRef.java:357)
	at sun.rmi.transport.Transport$1.run(Transport.java:200)
	at sun.rmi.transport.Transport$1.run(Transport.java:197)
	at java.security.AccessController.doPrivileged(Native Method)
	at sun.rmi.transport.Transport.serviceCall(Transport.java:196)
	at sun.rmi.transport.tcp.TCPTransport.handleMessages(TCPTransport.java:568)
	at sun.rmi.transport.tcp.TCPTransport$ConnectionHandler.run0(TCPTransport.java:826)
	at sun.rmi.transport.tcp.TCPTransport$ConnectionHandler.lambda$run$0(TCPTransport.java:683)
	at java.security.AccessController.doPrivileged(Native Method)
	at sun.rmi.transport.tcp.TCPTransport$ConnectionHandler.run(TCPTransport.java:682)
	at java.util.concurrent.ThreadPoolExecutor.runWorker(ThreadPoolExecutor.java:1149)
	at java.util.concurrent.ThreadPoolExecutor$Worker.run(ThreadPoolExecutor.java:624)
	at java.lang.Thread.run(Thread.java:748)
2018-08-12 15:35:27 DEBUG o.s.c.e.PropertySourcesPropertyResolver:96 -2018-08-12 15:35:27 DEBUG o.s.b.f.s.DefaultListableBeanFactory:254 -2018-08-12 15:35:27 DEBUG o.s.b.f.s.DefaultListableBeanFactory:254 -2018-08-12 15:35:27 DEBUG o.s.b.f.s.DefaultListableBeanFactory:254 -2018-08-12 15:35:27 DEBUG o.s.c.e.PropertySourcesPropertyResolver:96 -2018-08-12 15:35:27 DEBUG o.s.c.i.s.PathMatchingResourcePatternResolver:321 -2018-08-12 15:35:27 DEBUG o.s.b.f.s.DefaultListableBeanFactory:254 -2018-08-12 15:35:27 DEBUG o.s.b.f.s.DefaultListableBeanFactory:254 -2018-08-12 15:35:27 DEBUG o.s.b.f.s.DefaultListableBeanFactory:254 -2018-08-12 15:35:27 DEBUG o.s.c.e.PropertySourcesPropertyResolver:115 -2018-08-12 15:35:27 DEBUG o.s.b.f.s.DefaultListableBeanFactory:254 -2018-08-12 15:35:27 DEBUG o.s.b.f.s.DefaultListableBeanFactory:254 -2018-08-12 15:35:27 DEBUG o.s.b.f.s.DefaultListableBeanFactory:254 -2018-08-12 15:35:27 DEBUG o.s.b.f.s.DefaultListableBeanFactory:254 -2018-08-12 15:35:27 DEBUG o.s.b.f.s.DefaultListableBeanFactory:254 -2018-08-12 15:35:27 DEBUG o.s.b.f.s.DefaultListableBeanFactory:254 -2018-08-12 15:35:27 DEBUG o.s.b.f.s.DefaultListableBeanFactory:254 -2018-08-12 15:35:27 DEBUG o.s.b.f.s.DefaultListableBeanFactory:254 -2018-08-12 15:35:27 DEBUG o.s.b.f.s.DefaultListableBeanFactory:254 -2018-08-12 15:35:27 DEBUG o.s.b.f.s.DefaultListableBeanFactory:254 -2018-08-12 15:35:27 DEBUG o.s.b.f.s.DefaultListableBeanFactory:254 -2018-08-12 15:35:27 DEBUG o.s.b.f.s.DefaultListableBeanFactory:254 -2018-08-12 15:35:27 DEBUG o.s.b.f.s.DefaultListableBeanFactory:254 -2018-08-12 15:35:27 DEBUG o.s.b.f.s.DefaultListableBeanFactory:254 -2018-08-12 15:35:27 DEBUG o.s.b.f.s.DefaultListableBeanFactory:254 -2018-08-12 15:35:27 DEBUG o.s.b.f.s.DefaultListableBeanFactory:254 -2018-08-12 15:35:27 DEBUG o.s.b.f.s.DefaultListableBeanFactory:254 -2018-08-12 15:35:27 DEBUG o.s.b.f.s.DefaultListableBeanFactory:254 -2018-08-12 15:35:27 DEBUG o.s.b.f.s.DefaultListableBeanFactory:254 -2018-08-12 15:35:27 DEBUG o.s.b.f.s.DefaultListableBeanFactory:254 -2018-08-12 15:35:27 DEBUG o.s.b.f.s.DefaultListableBeanFactory:254 -2018-08-12 15:35:27 DEBUG o.s.b.f.s.DefaultListableBeanFactory:254 -2018-08-12 15:35:27 DEBUG o.s.c.a.ConfigurationClassBeanDefinitionReader:166 -2018-08-12 15:35:27 DEBUG o.s.c.a.ConfigurationClassBeanDefinitionReader:264 -2018-08-12 15:35:27 DEBUG o.s.c.a.ConfigurationClassBeanDefinitionReader:264 -2018-08-12 15:35:27 DEBUG o.s.c.a.ConfigurationClassBeanDefinitionReader:264 -2018-08-12 15:35:27 DEBUG o.s.c.a.ConfigurationClassBeanDefinitionReader:166 -2018-08-12 15:35:27 DEBUG o.s.b.f.s.DefaultListableBeanFactory:213 -2018-08-12 15:35:27 DEBUG o.s.b.f.s.DefaultListableBeanFactory:460 -2018-08-12 15:35:27 DEBUG o.s.b.f.s.DefaultListableBeanFactory:563 -2018-08-12 15:35:27 DEBUG o.s.b.f.s.DefaultListableBeanFactory:497 -2018-08-12 15:35:27 DEBUG o.s.b.f.s.DefaultListableBeanFactory:254 -2018-08-12 15:35:27 DEBUG o.s.c.a.ConfigurationClassBeanDefinitionReader:264 -2018-08-12 15:35:27 DEBUG o.s.b.f.s.DefaultListableBeanFactory:254 -2018-08-12 15:35:27 DEBUG o.s.b.f.s.DefaultListableBeanFactory:254 -2018-08-12 15:35:27 DEBUG o.s.c.a.ConfigurationClassBeanDefinitionReader:166 -2018-08-12 15:35:27 DEBUG o.s.b.f.s.DefaultListableBeanFactory:254 -2018-08-12 15:35:27 DEBUG o.s.b.f.s.DefaultListableBeanFactory:254 -2018-08-12 15:35:27 DEBUG o.s.c.a.ConfigurationClassBeanDefinitionReader:264 -2018-08-12 15:35:27 DEBUG o.s.b.f.s.DefaultListableBeanFactory:254 -2018-08-12 15:35:27 DEBUG o.s.b.f.s.DefaultListableBeanFactory:254 -2018-08-12 15:35:27 DEBUG o.s.c.a.ConfigurationClassBeanDefinitionReader:264 -2018-08-12 15:35:27 DEBUG o.s.b.f.s.DefaultListableBeanFactory:254 -2018-08-12 15:35:27 DEBUG o.s.b.f.s.DefaultListableBeanFactory:254 -2018-08-12 15:35:27 DEBUG o.s.c.a.ConfigurationClassBeanDefinitionReader:264 -2018-08-12 15:35:27 DEBUG o.s.c.e.PropertySourcesPropertyResolver:115 -2018-08-12 15:35:27 DEBUG o.s.b.f.s.DefaultListableBeanFactory:254 -2018-08-12 15:35:27 DEBUG o.s.c.a.ConfigurationClassBeanDefinitionReader:166 -2018-08-12 15:35:27 DEBUG o.s.b.f.s.DefaultListableBeanFactory:254 -2018-08-12 15:35:27 DEBUG o.s.b.f.s.DefaultListableBeanFactory:254 -2018-08-12 15:35:27 DEBUG o.s.c.a.ConfigurationClassBeanDefinitionReader:264 -2018-08-12 15:35:27 DEBUG o.s.b.f.s.DefaultListableBeanFactory:254 -2018-08-12 15:35:27 DEBUG o.s.b.f.s.DefaultListableBeanFactory:254 -2018-08-12 15:35:27 DEBUG o.s.b.f.s.DefaultListableBeanFactory:254 -2018-08-12 15:35:27 DEBUG o.s.b.f.s.DefaultListableBeanFactory:254 -2018-08-12 15:35:27 DEBUG o.s.b.f.s.DefaultListableBeanFactory:254 -2018-08-12 15:35:27 DEBUG o.s.b.f.s.DefaultListableBeanFactory:254 -2018-08-12 15:35:27 DEBUG o.s.b.f.s.DefaultListableBeanFactory:254 -2018-08-12 15:35:27 DEBUG o.s.b.f.s.DefaultListableBeanFactory:254 -2018-08-12 15:35:27 DEBUG o.s.b.f.s.DefaultListableBeanFactory:254 -2018-08-12 15:35:27 DEBUG o.s.b.f.s.DefaultListableBeanFactory:254 -2018-08-12 15:35:27 DEBUG o.s.b.f.s.DefaultListableBeanFactory:254 -2018-08-12 15:35:27 DEBUG o.s.b.f.s.DefaultListableBeanFactory:254 -2018-08-12 15:35:27 DEBUG o.s.b.f.s.DefaultListableBeanFactory:254 -2018-08-12 15:35:27 DEBUG o.s.c.a.ConfigurationClassBeanDefinitionReader:166 -2018-08-12 15:35:27 DEBUG o.s.c.a.ConfigurationClassBeanDefinitionReader:264 -2018-08-12 15:35:27 DEBUG o.s.b.f.s.DefaultListableBeanFactory:254 -2018-08-12 15:35:27 DEBUG o.s.b.f.s.DefaultListableBeanFactory:254 -2018-08-12 15:35:27 DEBUG o.s.b.f.s.DefaultListableBeanFactory:254 -2018-08-12 15:35:27 DEBUG o.s.c.a.ConfigurationClassBeanDefinitionReader:166 -2018-08-12 15:35:27 DEBUG o.s.b.f.s.DefaultListableBeanFactory:254 -2018-08-12 15:35:27 DEBUG o.s.b.f.s.DefaultListableBeanFactory:254 -2018-08-12 15:35:27 DEBUG o.s.c.a.ConfigurationClassBeanDefinitionReader:264 -2018-08-12 15:35:27 DEBUG o.s.c.a.ConfigurationClassBeanDefinitionReader:264 -2018-08-12 15:35:27 DEBUG o.s.c.a.ConfigurationClassBeanDefinitionReader:166 -2018-08-12 15:35:27 DEBUG o.s.c.a.ConfigurationClassBeanDefinitionReader:166 -2018-08-12 15:35:27 DEBUG o.s.c.e.PropertySourcesPropertyResolver:96 -2018-08-12 15:35:27 DEBUG o.s.b.f.s.DefaultListableBeanFactory:254 -2018-08-12 15:35:27 DEBUG o.s.c.e.PropertySourcesPropertyResolver:96 -2018-08-12 15:35:27 DEBUG o.s.c.e.PropertySourcesPropertyResolver:96 -2018-08-12 15:35:27 DEBUG o.s.b.f.s.DefaultListableBeanFactory:254 -2018-08-12 15:35:27 DEBUG o.s.c.a.ConfigurationClassBeanDefinitionReader:166 -2018-08-12 15:35:27 DEBUG o.s.c.a.ConfigurationClassBeanDefinitionReader:166 -2018-08-12 15:35:27 DEBUG o.s.b.f.s.DefaultListableBeanFactory:254 -2018-08-12 15:35:27 DEBUG o.s.b.f.s.DefaultListableBeanFactory:254 -2018-08-12 15:35:27 DEBUG o.s.b.f.s.DefaultListableBeanFactory:254 -2018-08-12 15:35:27 DEBUG o.s.c.a.ConfigurationClassBeanDefinitionReader:166 -2018-08-12 15:35:27 DEBUG o.s.b.f.s.DefaultListableBeanFactory:254 -2018-08-12 15:35:27 DEBUG o.s.b.f.s.DefaultListableBeanFactory:254 -2018-08-12 15:35:27 DEBUG o.s.c.a.ConfigurationClassBeanDefinitionReader:264 -2018-08-12 15:35:27 DEBUG o.s.b.f.s.DefaultListableBeanFactory:254 -2018-08-12 15:35:27 DEBUG o.s.b.f.s.DefaultListableBeanFactory:254 -2018-08-12 15:35:27 DEBUG o.s.c.a.ConfigurationClassBeanDefinitionReader:264 -2018-08-12 15:35:27 DEBUG o.s.c.a.ConfigurationClassBeanDefinitionReader:264 -2018-08-12 15:35:27 DEBUG o.s.c.a.ConfigurationClassBeanDefinitionReader:264 -2018-08-12 15:35:27 DEBUG o.s.b.f.s.DefaultListableBeanFactory:254 -2018-08-12 15:35:27 DEBUG o.s.c.a.ConfigurationClassBeanDefinitionReader:264 -2018-08-12 15:35:27 DEBUG o.s.b.f.s.DefaultListableBeanFactory:254 -2018-08-12 15:35:27 DEBUG o.s.c.a.ConfigurationClassBeanDefinitionReader:166 -2018-08-12 15:35:27 DEBUG o.s.b.f.s.DefaultListableBeanFactory:254 -2018-08-12 15:35:27 DEBUG o.s.b.f.s.DefaultListableBeanFactory:254 -2018-08-12 15:35:27 DEBUG o.s.c.a.ConfigurationClassBeanDefinitionReader:264 -2018-08-12 15:35:27 DEBUG o.s.c.a.ConfigurationClassBeanDefinitionReader:264 -2018-08-12 15:35:27 DEBUG o.s.c.a.ConfigurationClassBeanDefinitionReader:264 -2018-08-12 15:35:27 DEBUG o.s.c.a.ConfigurationClassBeanDefinitionReader:166 -2018-08-12 15:35:27 DEBUG o.s.c.a.ConfigurationClassEnhancer:112 -2018-08-12 15:35:27 DEBUG o.s.c.a.ConfigurationClassPostProcessor:406 -2018-08-12 15:35:27 DEBUG o.s.c.a.ConfigurationClassEnhancer:112 -2018-08-12 15:35:27 DEBUG o.s.c.a.ConfigurationClassPostProcessor:406 -2018-08-12 15:35:27 DEBUG o.s.c.a.ConfigurationClassEnhancer:112 -2018-08-12 15:35:27 DEBUG o.s.c.a.ConfigurationClassPostProcessor:406 -2018-08-12 15:35:27 DEBUG o.s.c.a.ConfigurationClassEnhancer:112 -2018-08-12 15:35:27 DEBUG o.s.c.a.ConfigurationClassPostProcessor:406 -2018-08-12 15:35:27 DEBUG o.s.c.a.ConfigurationClassEnhancer:112 -2018-08-12 15:35:27 DEBUG o.s.c.a.ConfigurationClassPostProcessor:406 -2018-08-12 15:35:27 DEBUG o.s.c.a.ConfigurationClassEnhancer:112 -2018-08-12 15:35:27 DEBUG o.s.c.a.ConfigurationClassPostProcessor:406 -2018-08-12 15:35:27 DEBUG o.s.c.a.ConfigurationClassEnhancer:112 -2018-08-12 15:35:27 DEBUG o.s.c.a.ConfigurationClassPostProcessor:406 -2018-08-12 15:35:27 DEBUG o.s.c.a.ConfigurationClassEnhancer:112 -2018-08-12 15:35:27 DEBUG o.s.c.a.ConfigurationClassPostProcessor:406 -2018-08-12 15:35:27 DEBUG o.s.c.a.ConfigurationClassEnhancer:112 -2018-08-12 15:35:27 DEBUG o.s.c.a.ConfigurationClassPostProcessor:406 -2018-08-12 15:35:27 DEBUG o.s.c.a.ConfigurationClassEnhancer:112 -2018-08-12 15:35:27 DEBUG o.s.c.a.ConfigurationClassPostProcessor:406 -2018-08-12 15:35:27 DEBUG o.s.c.a.ConfigurationClassEnhancer:112 -2018-08-12 15:35:27 DEBUG o.s.c.a.ConfigurationClassPostProcessor:406 -2018-08-12 15:35:27 DEBUG o.s.c.a.ConfigurationClassEnhancer:112 -2018-08-12 15:35:27 DEBUG o.s.c.a.ConfigurationClassPostProcessor:406 -2018-08-12 15:35:27 DEBUG s.r.t.tcp:229 -2018-08-12 15:35:27 DEBUG s.r.t.tcp:229 -2018-08-12 15:35:27 DEBUG s.r.loader:229 -2018-08-12 15:35:27 DEBUG s.r.s.call:237 -javax.management.InstanceNotFoundException: org.springframework.boot:type=Admin,name=SpringApplication
	at com.sun.jmx.interceptor.DefaultMBeanServerInterceptor.getMBean(DefaultMBeanServerInterceptor.java:1095)
	at com.sun.jmx.interceptor.DefaultMBeanServerInterceptor.getAttribute(DefaultMBeanServerInterceptor.java:643)
	at com.sun.jmx.mbeanserver.JmxMBeanServer.getAttribute(JmxMBeanServer.java:678)
	at javax.management.remote.rmi.RMIConnectionImpl.doOperation(RMIConnectionImpl.java:1445)
	at javax.management.remote.rmi.RMIConnectionImpl.access$300(RMIConnectionImpl.java:76)
	at javax.management.remote.rmi.RMIConnectionImpl$PrivilegedOperation.run(RMIConnectionImpl.java:1309)
	at javax.management.remote.rmi.RMIConnectionImpl.doPrivilegedOperation(RMIConnectionImpl.java:1401)
	at javax.management.remote.rmi.RMIConnectionImpl.getAttribute(RMIConnectionImpl.java:639)
	at sun.reflect.GeneratedMethodAccessor4.invoke(Unknown Source)
	at sun.reflect.DelegatingMethodAccessorImpl.invoke(DelegatingMethodAccessorImpl.java:43)
	at java.lang.reflect.Method.invoke(Method.java:498)
	at sun.rmi.server.UnicastServerRef.dispatch(UnicastServerRef.java:357)
	at sun.rmi.transport.Transport$1.run(Transport.java:200)
	at sun.rmi.transport.Transport$1.run(Transport.java:197)
	at java.security.AccessController.doPrivileged(Native Method)
	at sun.rmi.transport.Transport.serviceCall(Transport.java:196)
	at sun.rmi.transport.tcp.TCPTransport.handleMessages(TCPTransport.java:568)
	at sun.rmi.transport.tcp.TCPTransport$ConnectionHandler.run0(TCPTransport.java:826)
	at sun.rmi.transport.tcp.TCPTransport$ConnectionHandler.lambda$run$0(TCPTransport.java:683)
	at java.security.AccessController.doPrivileged(Native Method)
	at sun.rmi.transport.tcp.TCPTransport$ConnectionHandler.run(TCPTransport.java:682)
	at java.util.concurrent.ThreadPoolExecutor.runWorker(ThreadPoolExecutor.java:1149)
	at java.util.concurrent.ThreadPoolExecutor$Worker.run(ThreadPoolExecutor.java:624)
	at java.lang.Thread.run(Thread.java:748)
2018-08-12 15:35:27 DEBUG o.s.c.a.ConfigurationClassEnhancer:112 -2018-08-12 15:35:27 DEBUG o.s.c.a.ConfigurationClassPostProcessor:406 -2018-08-12 15:35:27 DEBUG o.s.c.a.ConfigurationClassEnhancer:112 -2018-08-12 15:35:27 DEBUG o.s.c.a.ConfigurationClassPostProcessor:406 -2018-08-12 15:35:27 DEBUG o.s.c.a.ConfigurationClassEnhancer:112 -2018-08-12 15:35:27 DEBUG o.s.c.a.ConfigurationClassPostProcessor:406 -2018-08-12 15:35:27 DEBUG o.s.c.e.StandardEnvironment:160 -2018-08-12 15:35:27 DEBUG o.s.b.f.s.DefaultListableBeanFactory:213 -2018-08-12 15:35:27 DEBUG o.s.b.f.s.DefaultListableBeanFactory:460 -2018-08-12 15:35:27 DEBUG o.s.b.f.s.DefaultListableBeanFactory:563 -2018-08-12 15:35:27 DEBUG o.s.b.f.s.DefaultListableBeanFactory:497 -2018-08-12 15:35:27 DEBUG o.s.c.e.MutablePropertySources:110 -2018-08-12 15:35:27 DEBUG o.s.c.e.MutablePropertySources:110 -2018-08-12 15:35:27 DEBUG o.s.b.f.s.DefaultListableBeanFactory:213 -2018-08-12 15:35:27 DEBUG o.s.b.f.s.DefaultListableBeanFactory:460 -2018-08-12 15:35:27 DEBUG o.s.b.f.s.DefaultListableBeanFactory:563 -2018-08-12 15:35:27 DEBUG o.s.b.f.s.DefaultListableBeanFactory:497 -2018-08-12 15:35:27 DEBUG o.s.b.f.s.DefaultListableBeanFactory:213 -2018-08-12 15:35:27 DEBUG o.s.b.f.s.DefaultListableBeanFactory:460 -2018-08-12 15:35:27 DEBUG o.s.b.f.s.DefaultListableBeanFactory:563 -2018-08-12 15:35:27 DEBUG o.s.b.f.s.DefaultListableBeanFactory:497 -2018-08-12 15:35:27 DEBUG o.s.b.f.s.DefaultListableBeanFactory:213 -2018-08-12 15:35:27 DEBUG o.s.b.f.s.DefaultListableBeanFactory:460 -2018-08-12 15:35:27 DEBUG o.s.b.f.s.DefaultListableBeanFactory:563 -2018-08-12 15:35:27 DEBUG o.s.b.f.s.DefaultListableBeanFactory:497 -2018-08-12 15:35:27 DEBUG o.s.b.f.s.DefaultListableBeanFactory:213 -2018-08-12 15:35:27 DEBUG o.s.b.f.s.DefaultListableBeanFactory:460 -2018-08-12 15:35:27 DEBUG o.s.b.f.s.DefaultListableBeanFactory:563 -2018-08-12 15:35:27 DEBUG o.s.b.f.s.DefaultListableBeanFactory:497 -2018-08-12 15:35:27 DEBUG o.s.b.f.s.DefaultListableBeanFactory:213 -2018-08-12 15:35:27 DEBUG o.s.b.f.s.DefaultListableBeanFactory:460 -2018-08-12 15:35:27 DEBUG o.s.b.f.s.DefaultListableBeanFactory:563 -2018-08-12 15:35:27 DEBUG o.s.b.f.s.DefaultListableBeanFactory:1744 -2018-08-12 15:35:27 DEBUG o.s.b.f.s.DefaultListableBeanFactory:254 -2018-08-12 15:35:27 DEBUG o.s.b.f.s.DefaultListableBeanFactory:254 -2018-08-12 15:35:27 DEBUG o.s.b.f.s.DefaultListableBeanFactory:497 -2018-08-12 15:35:27 DEBUG o.s.b.f.s.DefaultListableBeanFactory:213 -2018-08-12 15:35:27 DEBUG o.s.b.f.s.DefaultListableBeanFactory:460 -2018-08-12 15:35:28 DEBUG o.s.b.f.s.DefaultListableBeanFactory:563 -2018-08-12 15:35:28 DEBUG o.s.b.f.s.DefaultListableBeanFactory:497 -2018-08-12 15:35:28 DEBUG o.s.c.a.AnnotationConfigApplicationContext:741 -2018-08-12 15:35:28 DEBUG o.s.c.a.AnnotationConfigApplicationContext:765 -2018-08-12 15:35:28 DEBUG o.s.b.f.s.DefaultListableBeanFactory:728 -2018-08-12 15:35:28 DEBUG o.s.b.f.s.DefaultListableBeanFactory:254 -2018-08-12 15:35:28 DEBUG o.s.b.f.s.DefaultListableBeanFactory:254 -2018-08-12 15:35:28 DEBUG o.s.b.f.s.DefaultListableBeanFactory:254 -2018-08-12 15:35:28 DEBUG o.s.b.f.s.DefaultListableBeanFactory:254 -2018-08-12 15:35:28 DEBUG o.s.b.f.s.DefaultListableBeanFactory:213 -2018-08-12 15:35:28 DEBUG o.s.b.f.s.DefaultListableBeanFactory:460 -2018-08-12 15:35:28 DEBUG o.s.b.f.s.DefaultListableBeanFactory:563 -2018-08-12 15:35:28 DEBUG o.s.b.f.s.DefaultListableBeanFactory:213 -2018-08-12 15:35:28 DEBUG o.s.b.f.s.DefaultListableBeanFactory:460 -2018-08-12 15:35:28 DEBUG o.s.b.f.s.DefaultListableBeanFactory:213 -2018-08-12 15:35:28 DEBUG o.s.b.f.s.DefaultListableBeanFactory:460 -2018-08-12 15:35:28 DEBUG o.s.b.f.a.InjectionMetadata:74 -2018-08-12 15:35:28 DEBUG o.s.b.f.s.DefaultListableBeanFactory:563 -2018-08-12 15:35:28 DEBUG o.s.b.f.a.InjectionMetadata:89 -2018-08-12 15:35:28 DEBUG o.s.b.f.s.DefaultListableBeanFactory:254 -2018-08-12 15:35:28 DEBUG o.s.a.f.a.BeanFactoryAdvisorRetrievalHelper:86 -2018-08-12 15:35:28 DEBUG o.s.b.f.s.DefaultListableBeanFactory:497 -2018-08-12 15:35:28 DEBUG o.s.b.f.s.DefaultListableBeanFactory:213 -2018-08-12 15:35:28 DEBUG o.s.b.f.s.DefaultListableBeanFactory:460 -2018-08-12 15:35:28 DEBUG o.s.b.f.s.DefaultListableBeanFactory:254 -2018-08-12 15:35:28 DEBUG o.s.b.f.s.DefaultListableBeanFactory:563 -2018-08-12 15:35:28 DEBUG o.s.a.f.a.BeanFactoryAdvisorRetrievalHelper:86 -2018-08-12 15:35:28 DEBUG o.s.b.f.s.DefaultListableBeanFactory:497 -2018-08-12 15:35:28 DEBUG o.s.b.f.s.DefaultListableBeanFactory:213 -2018-08-12 15:35:28 DEBUG o.s.b.f.s.DefaultListableBeanFactory:460 -2018-08-12 15:35:28 DEBUG o.s.b.f.s.DefaultListableBeanFactory:254 -2018-08-12 15:35:28 DEBUG o.s.b.f.s.DefaultListableBeanFactory:254 -2018-08-12 15:35:28 DEBUG o.s.b.f.s.DefaultListableBeanFactory:563 -2018-08-12 15:35:28 DEBUG o.s.b.f.s.DefaultListableBeanFactory:1744 -2018-08-12 15:35:28 DEBUG o.s.b.f.s.DefaultListableBeanFactory:497 -2018-08-12 15:35:28 DEBUG o.s.b.f.s.DefaultListableBeanFactory:563 -2018-08-12 15:35:28 DEBUG o.s.b.f.s.DefaultListableBeanFactory:497 -2018-08-12 15:35:28 DEBUG o.s.b.f.s.DefaultListableBeanFactory:497 -2018-08-12 15:35:28 DEBUG o.s.b.f.s.DefaultListableBeanFactory:213 -2018-08-12 15:35:28 DEBUG o.s.b.f.s.DefaultListableBeanFactory:460 -2018-08-12 15:35:28 DEBUG o.s.b.f.s.DefaultListableBeanFactory:563 -2018-08-12 15:35:28 DEBUG o.s.b.f.s.DefaultListableBeanFactory:254 -2018-08-12 15:35:28 DEBUG o.s.b.f.s.DefaultListableBeanFactory:497 -2018-08-12 15:35:28 DEBUG o.s.b.f.s.DefaultListableBeanFactory:213 -2018-08-12 15:35:28 DEBUG o.s.b.f.s.DefaultListableBeanFactory:460 -2018-08-12 15:35:28 DEBUG o.s.b.f.a.InjectionMetadata:74 -2018-08-12 15:35:28 DEBUG o.s.b.f.s.DefaultListableBeanFactory:563 -2018-08-12 15:35:28 DEBUG o.s.b.CachedIntrospectionResults:186 -2018-08-12 15:35:28 DEBUG o.s.b.f.a.InjectionMetadata:89 -2018-08-12 15:35:28 DEBUG o.s.b.f.s.DefaultListableBeanFactory:213 -2018-08-12 15:35:28 DEBUG o.s.b.f.s.DefaultListableBeanFactory:460 -2018-08-12 15:35:28 DEBUG o.s.b.f.s.DefaultListableBeanFactory:563 -2018-08-12 15:35:28 DEBUG o.s.b.CachedIntrospectionResults:186 -2018-08-12 15:35:28 DEBUG o.s.b.f.s.DefaultListableBeanFactory:254 -2018-08-12 15:35:28 DEBUG o.s.c.a.AnnotationCacheOperationSource:102 -2018-08-12 15:35:28 DEBUG o.s.a.f.a.InfrastructureAdvisorAutoProxyCreator:531 -2018-08-12 15:35:28 DEBUG o.s.a.f.JdkDynamicAopProxy:119 -2018-08-12 15:35:28 DEBUG o.s.b.f.s.DefaultListableBeanFactory:497 -2018-08-12 15:35:28 DEBUG o.s.b.f.a.AutowiredAnnotationBeanPostProcessor:529 -2018-08-12 15:35:28 DEBUG o.s.b.f.s.DefaultListableBeanFactory:254 -2018-08-12 15:35:28 DEBUG o.s.b.f.s.DefaultListableBeanFactory:497 -2018-08-12 15:35:28 DEBUG o.s.b.f.s.DefaultListableBeanFactory:254 -2018-08-12 15:35:28 DEBUG o.s.b.f.s.DefaultListableBeanFactory:213 -2018-08-12 15:35:28 DEBUG o.s.b.f.s.DefaultListableBeanFactory:460 -2018-08-12 15:35:28 DEBUG o.s.b.f.s.DefaultListableBeanFactory:563 -2018-08-12 15:35:28 DEBUG o.s.b.CachedIntrospectionResults:186 -2018-08-12 15:35:28 DEBUG o.s.b.f.s.DefaultListableBeanFactory:254 -2018-08-12 15:35:28 DEBUG o.s.b.f.s.DefaultListableBeanFactory:497 -2018-08-12 15:35:28 DEBUG o.s.b.f.s.DefaultListableBeanFactory:254 -2018-08-12 15:35:28 DEBUG o.s.b.f.s.DefaultListableBeanFactory:254 -2018-08-12 15:35:28 DEBUG o.s.b.f.s.DefaultListableBeanFactory:254 -2018-08-12 15:35:28 DEBUG o.s.b.f.s.DefaultListableBeanFactory:254 -2018-08-12 15:35:28 DEBUG o.s.b.f.s.DefaultListableBeanFactory:254 -2018-08-12 15:35:28 DEBUG o.s.b.f.s.DefaultListableBeanFactory:254 -2018-08-12 15:35:28 DEBUG o.s.b.f.s.DefaultListableBeanFactory:213 -2018-08-12 15:35:28 DEBUG o.s.b.f.s.DefaultListableBeanFactory:460 -2018-08-12 15:35:28 DEBUG o.s.b.f.s.DefaultListableBeanFactory:563 -2018-08-12 15:35:28 DEBUG o.s.b.f.s.DefaultListableBeanFactory:254 -2018-08-12 15:35:28 DEBUG o.s.b.f.s.DefaultListableBeanFactory:497 -2018-08-12 15:35:28 DEBUG o.s.b.f.s.DefaultListableBeanFactory:213 -2018-08-12 15:35:28 DEBUG o.s.b.f.s.DefaultListableBeanFactory:460 -2018-08-12 15:35:28 DEBUG o.s.b.f.s.DefaultListableBeanFactory:563 -2018-08-12 15:35:28 DEBUG o.s.b.f.s.DefaultListableBeanFactory:254 -2018-08-12 15:35:28 DEBUG o.s.b.f.s.DefaultListableBeanFactory:497 -2018-08-12 15:35:28 DEBUG o.s.b.f.s.DefaultListableBeanFactory:254 -2018-08-12 15:35:28 DEBUG o.s.b.f.s.DefaultListableBeanFactory:254 -2018-08-12 15:35:28 DEBUG o.s.b.f.s.DefaultListableBeanFactory:213 -2018-08-12 15:35:28 DEBUG o.s.b.f.s.DefaultListableBeanFactory:460 -2018-08-12 15:35:28 DEBUG o.s.b.f.s.DefaultListableBeanFactory:563 -2018-08-12 15:35:28 DEBUG o.s.b.f.s.DefaultListableBeanFactory:254 -2018-08-12 15:35:28 DEBUG o.s.b.f.s.DefaultListableBeanFactory:497 -2018-08-12 15:35:28 DEBUG o.s.b.f.s.DefaultListableBeanFactory:213 -2018-08-12 15:35:28 DEBUG o.s.b.f.s.DefaultListableBeanFactory:460 -2018-08-12 15:35:28 DEBUG o.s.b.f.s.DefaultListableBeanFactory:254 -2018-08-12 15:35:28 DEBUG o.s.b.f.s.DefaultListableBeanFactory:213 -2018-08-12 15:35:28 DEBUG o.s.b.f.s.DefaultListableBeanFactory:460 -2018-08-12 15:35:28 DEBUG o.s.b.f.s.DefaultListableBeanFactory:254 -2018-08-12 15:35:28 DEBUG o.s.c.e.PropertySourcesPropertyResolver:96 -2018-08-12 15:35:28 DEBUG o.s.b.f.s.DefaultListableBeanFactory:563 -2018-08-12 15:35:28 DEBUG o.s.b.f.s.DefaultListableBeanFactory:1744 -2018-08-12 15:35:28 DEBUG o.s.b.f.s.DefaultListableBeanFactory:254 -2018-08-12 15:35:28 DEBUG o.s.b.f.s.DefaultListableBeanFactory:497 -2018-08-12 15:35:28 DEBUG o.s.b.f.s.DefaultListableBeanFactory:740 -2018-08-12 15:35:28 DEBUG o.s.c.e.PropertySourcesPropertyResolver:96 -2018-08-12 15:35:28 DEBUG o.s.b.f.s.DefaultListableBeanFactory:213 -2018-08-12 15:35:28 DEBUG o.s.b.f.s.DefaultListableBeanFactory:460 -2018-08-12 15:35:28 DEBUG o.s.b.f.s.DefaultListableBeanFactory:254 -2018-08-12 15:35:28 DEBUG o.s.j.s.JmxUtils:126 -2018-08-12 15:35:28 DEBUG o.s.b.f.s.DefaultListableBeanFactory:563 -2018-08-12 15:35:28 DEBUG o.s.b.f.s.DefaultListableBeanFactory:254 -2018-08-12 15:35:28 DEBUG o.s.b.f.s.DefaultListableBeanFactory:497 -2018-08-12 15:35:28 DEBUG o.s.b.f.s.DefaultListableBeanFactory:563 -2018-08-12 15:35:28 DEBUG o.s.b.f.s.DefaultListableBeanFactory:1744 -2018-08-12 15:35:28 DEBUG o.s.b.f.s.DefaultListableBeanFactory:254 -2018-08-12 15:35:28 DEBUG o.s.b.f.s.DefaultListableBeanFactory:497 -2018-08-12 15:35:28 DEBUG o.s.b.f.s.DefaultListableBeanFactory:254 -2018-08-12 15:35:28 DEBUG o.s.b.f.s.DefaultListableBeanFactory:254 -2018-08-12 15:35:28 DEBUG o.s.b.f.s.DefaultListableBeanFactory:213 -2018-08-12 15:35:28 DEBUG o.s.b.f.s.DefaultListableBeanFactory:460 -2018-08-12 15:35:28 DEBUG o.s.c.LocalVariableTableParameterNameDiscoverer:108 -2018-08-12 15:35:28 DEBUG o.s.b.f.s.DefaultListableBeanFactory:254 -2018-08-12 15:35:28 DEBUG o.s.b.f.s.DefaultListableBeanFactory:740 -2018-08-12 15:35:28 DEBUG o.s.b.f.s.DefaultListableBeanFactory:254 -2018-08-12 15:35:28 DEBUG o.s.b.f.s.DefaultListableBeanFactory:563 -2018-08-12 15:35:28 DEBUG o.s.b.f.s.DefaultListableBeanFactory:254 -2018-08-12 15:35:28 DEBUG o.s.b.f.s.DefaultListableBeanFactory:497 -2018-08-12 15:35:28 DEBUG o.s.b.f.s.DefaultListableBeanFactory:213 -2018-08-12 15:35:28 DEBUG o.s.b.f.s.DefaultListableBeanFactory:460 -2018-08-12 15:35:28 DEBUG o.s.b.f.s.DefaultListableBeanFactory:254 -2018-08-12 15:35:28 DEBUG o.s.c.e.PropertySourcesPropertyResolver:96 -2018-08-12 15:35:28 DEBUG o.s.c.e.StandardEnvironment:110 -2018-08-12 15:35:28 DEBUG o.s.c.e.StandardEnvironment:110 -2018-08-12 15:35:28 DEBUG o.s.c.e.StandardEnvironment:126 -2018-08-12 15:35:28 DEBUG o.s.b.f.s.DefaultListableBeanFactory:563 -2018-08-12 15:35:28 DEBUG o.s.b.f.s.DefaultListableBeanFactory:1744 -2018-08-12 15:35:28 DEBUG o.s.b.a.SpringApplicationAdminMXBeanRegistrar$SpringApplicationAdmin:102 -2018-08-12 15:35:28 DEBUG o.s.b.f.s.DefaultListableBeanFactory:254 -2018-08-12 15:35:28 DEBUG o.s.b.f.s.DefaultListableBeanFactory:497 -2018-08-12 15:35:28 DEBUG o.s.b.f.s.DefaultListableBeanFactory:213 -2018-08-12 15:35:28 DEBUG o.s.b.f.s.DefaultListableBeanFactory:460 -2018-08-12 15:35:28 DEBUG o.s.c.LocalVariableTableParameterNameDiscoverer:108 -2018-08-12 15:35:28 DEBUG o.s.b.f.s.DefaultListableBeanFactory:213 -2018-08-12 15:35:28 DEBUG o.s.b.f.s.DefaultListableBeanFactory:460 -2018-08-12 15:35:28 DEBUG o.s.b.f.s.DefaultListableBeanFactory:563 -2018-08-12 15:35:28 DEBUG o.s.b.f.s.DefaultListableBeanFactory:460 -2018-08-12 15:35:28 DEBUG o.s.b.f.a.InjectionMetadata:74 -2018-08-12 15:35:28 DEBUG o.s.b.f.a.InjectionMetadata:74 -2018-08-12 15:35:28 DEBUG o.s.b.f.a.InjectionMetadata:89 -2018-08-12 15:35:28 DEBUG o.s.b.f.a.InjectionMetadata:89 -2018-08-12 15:35:28 DEBUG o.s.b.f.s.DefaultListableBeanFactory:254 -2018-08-12 15:35:28 DEBUG o.s.b.f.s.DefaultListableBeanFactory:497 -2018-08-12 15:35:28 DEBUG o.s.b.f.s.DefaultListableBeanFactory:254 -2018-08-12 15:35:28 DEBUG o.s.b.f.s.DefaultListableBeanFactory:497 -2018-08-12 15:35:28 DEBUG o.s.b.f.s.DefaultListableBeanFactory:213 -2018-08-12 15:35:28 DEBUG o.s.b.f.s.DefaultListableBeanFactory:460 -2018-08-12 15:35:28 DEBUG o.s.b.f.s.DefaultListableBeanFactory:213 -2018-08-12 15:35:28 DEBUG o.s.b.f.s.DefaultListableBeanFactory:460 -2018-08-12 15:35:28 DEBUG o.s.b.f.s.DefaultListableBeanFactory:563 -2018-08-12 15:35:28 DEBUG o.s.b.f.s.DefaultListableBeanFactory:254 -2018-08-12 15:35:28 DEBUG o.s.b.f.s.DefaultListableBeanFactory:497 -2018-08-12 15:35:28 DEBUG o.s.b.f.s.DefaultListableBeanFactory:563 -2018-08-12 15:35:28 DEBUG o.s.b.f.s.DefaultListableBeanFactory:254 -2018-08-12 15:35:28 DEBUG o.s.b.f.s.DefaultListableBeanFactory:497 -2018-08-12 15:35:28 DEBUG o.s.b.f.s.DefaultListableBeanFactory:740 -2018-08-12 15:35:28 DEBUG o.s.b.f.s.DefaultListableBeanFactory:740 -2018-08-12 15:35:28 DEBUG o.s.b.f.s.DefaultListableBeanFactory:563 -2018-08-12 15:35:28 DEBUG o.s.b.f.s.DefaultListableBeanFactory:254 -2018-08-12 15:35:28 DEBUG o.s.b.f.s.DefaultListableBeanFactory:497 -2018-08-12 15:35:28 DEBUG o.s.b.f.s.DefaultListableBeanFactory:213 -2018-08-12 15:35:28 DEBUG o.s.b.f.s.DefaultListableBeanFactory:460 -2018-08-12 15:35:28 DEBUG o.s.b.f.s.DefaultListableBeanFactory:254 -2018-08-12 15:35:28 DEBUG o.s.b.f.s.DefaultListableBeanFactory:563 -2018-08-12 15:35:28 DEBUG o.s.b.f.s.DefaultListableBeanFactory:254 -2018-08-12 15:35:28 DEBUG o.s.b.f.s.DefaultListableBeanFactory:497 -2018-08-12 15:35:28 DEBUG o.s.b.f.s.DefaultListableBeanFactory:254 -2018-08-12 15:35:28 DEBUG o.s.b.f.s.DefaultListableBeanFactory:254 -2018-08-12 15:35:28 DEBUG o.s.b.f.s.DefaultListableBeanFactory:213 -2018-08-12 15:35:28 DEBUG o.s.b.f.s.DefaultListableBeanFactory:460 -2018-08-12 15:35:28 DEBUG o.s.b.f.s.DefaultListableBeanFactory:254 -2018-08-12 15:35:28 DEBUG o.s.b.f.s.DefaultListableBeanFactory:254 -2018-08-12 15:35:28 DEBUG o.s.b.f.s.DefaultListableBeanFactory:740 -2018-08-12 15:35:28 DEBUG o.s.b.f.s.DefaultListableBeanFactory:563 -2018-08-12 15:35:28 DEBUG o.s.b.f.s.DefaultListableBeanFactory:1744 -2018-08-12 15:35:28 DEBUG o.s.b.f.s.DefaultListableBeanFactory:254 -2018-08-12 15:35:28 DEBUG o.s.b.f.s.DefaultListableBeanFactory:254 -2018-08-12 15:35:28 DEBUG o.s.b.f.s.DefaultListableBeanFactory:497 -2018-08-12 15:35:28 DEBUG o.s.b.f.s.DefaultListableBeanFactory:254 -2018-08-12 15:35:28 DEBUG o.s.b.f.s.DefaultListableBeanFactory:254 -2018-08-12 15:35:28 DEBUG o.s.b.f.s.DefaultListableBeanFactory:254 -2018-08-12 15:35:28 DEBUG o.s.b.f.s.DefaultListableBeanFactory:213 -2018-08-12 15:35:28 DEBUG o.s.b.f.s.DefaultListableBeanFactory:460 -2018-08-12 15:35:28 DEBUG o.s.b.f.s.DefaultListableBeanFactory:563 -2018-08-12 15:35:28 DEBUG o.s.b.f.s.DefaultListableBeanFactory:254 -2018-08-12 15:35:28 DEBUG o.s.b.f.s.DefaultListableBeanFactory:497 -2018-08-12 15:35:28 DEBUG o.s.b.f.s.DefaultListableBeanFactory:213 -2018-08-12 15:35:28 DEBUG o.s.b.f.s.DefaultListableBeanFactory:460 -2018-08-12 15:35:28 DEBUG o.s.c.LocalVariableTableParameterNameDiscoverer:108 -2018-08-12 15:35:28 DEBUG o.s.b.f.s.DefaultListableBeanFactory:213 -2018-08-12 15:35:28 DEBUG o.s.b.f.s.DefaultListableBeanFactory:460 -2018-08-12 15:35:28 DEBUG o.s.b.f.s.DefaultListableBeanFactory:563 -2018-08-12 15:35:28 DEBUG o.s.b.f.s.DefaultListableBeanFactory:254 -2018-08-12 15:35:28 DEBUG o.s.b.f.s.DefaultListableBeanFactory:497 -2018-08-12 15:35:28 DEBUG o.s.b.f.s.DefaultListableBeanFactory:740 -2018-08-12 15:35:28 DEBUG o.s.b.f.s.DefaultListableBeanFactory:563 -2018-08-12 15:35:28 DEBUG o.s.b.f.s.DefaultListableBeanFactory:254 -2018-08-12 15:35:28 DEBUG o.s.b.f.s.DefaultListableBeanFactory:497 -2018-08-12 15:35:28 DEBUG o.s.b.f.s.DefaultListableBeanFactory:254 -2018-08-12 15:35:28 DEBUG o.s.b.f.s.DefaultListableBeanFactory:213 -2018-08-12 15:35:28 DEBUG o.s.b.f.s.DefaultListableBeanFactory:460 -2018-08-12 15:35:28 DEBUG o.s.b.f.s.DefaultListableBeanFactory:563 -2018-08-12 15:35:28 DEBUG o.s.b.f.s.DefaultListableBeanFactory:254 -2018-08-12 15:35:28 DEBUG o.s.b.f.s.DefaultListableBeanFactory:497 -2018-08-12 15:35:28 DEBUG o.s.b.f.s.DefaultListableBeanFactory:213 -2018-08-12 15:35:28 DEBUG o.s.b.f.s.DefaultListableBeanFactory:460 -2018-08-12 15:35:28 DEBUG o.s.b.f.s.DefaultListableBeanFactory:563 -2018-08-12 15:35:28 DEBUG o.s.b.f.s.DefaultListableBeanFactory:254 -2018-08-12 15:35:28 DEBUG o.s.b.f.s.DefaultListableBeanFactory:497 -2018-08-12 15:35:28 DEBUG o.s.b.f.s.DefaultListableBeanFactory:213 -2018-08-12 15:35:28 DEBUG o.s.b.f.s.DefaultListableBeanFactory:460 -2018-08-12 15:35:28 DEBUG o.s.b.f.s.DefaultListableBeanFactory:563 -2018-08-12 15:35:28 DEBUG o.s.b.f.s.DefaultListableBeanFactory:254 -2018-08-12 15:35:28 DEBUG o.s.b.f.s.DefaultListableBeanFactory:497 -2018-08-12 15:35:28 DEBUG o.s.b.f.s.DefaultListableBeanFactory:213 -2018-08-12 15:35:28 DEBUG o.s.b.f.s.DefaultListableBeanFactory:460 -2018-08-12 15:35:28 DEBUG o.s.b.f.s.DefaultListableBeanFactory:563 -2018-08-12 15:35:28 DEBUG o.s.b.f.s.DefaultListableBeanFactory:254 -2018-08-12 15:35:28 DEBUG o.s.b.f.s.DefaultListableBeanFactory:497 -2018-08-12 15:35:28 DEBUG o.s.b.f.s.DefaultListableBeanFactory:213 -2018-08-12 15:35:28 DEBUG o.s.b.f.s.DefaultListableBeanFactory:460 -2018-08-12 15:35:28 DEBUG o.s.c.LocalVariableTableParameterNameDiscoverer:108 -2018-08-12 15:35:28 DEBUG o.s.b.f.s.DefaultListableBeanFactory:213 -2018-08-12 15:35:28 DEBUG o.s.b.f.s.DefaultListableBeanFactory:460 -2018-08-12 15:35:28 DEBUG o.s.b.f.s.DefaultListableBeanFactory:563 -2018-08-12 15:35:28 DEBUG o.s.b.f.s.DefaultListableBeanFactory:254 -2018-08-12 15:35:28 DEBUG o.s.b.f.s.DefaultListableBeanFactory:497 -2018-08-12 15:35:28 DEBUG o.s.b.f.s.DefaultListableBeanFactory:740 -2018-08-12 15:35:28 DEBUG o.s.b.f.s.DefaultListableBeanFactory:563 -2018-08-12 15:35:28 DEBUG o.s.b.f.s.DefaultListableBeanFactory:254 -2018-08-12 15:35:28 DEBUG o.s.b.f.s.DefaultListableBeanFactory:497 -2018-08-12 15:35:28 DEBUG o.s.b.f.s.DefaultListableBeanFactory:213 -2018-08-12 15:35:28 DEBUG o.s.b.f.s.DefaultListableBeanFactory:460 -2018-08-12 15:35:28 DEBUG o.s.b.f.s.DefaultListableBeanFactory:254 -2018-08-12 15:35:28 DEBUG o.s.b.f.s.DefaultListableBeanFactory:213 -2018-08-12 15:35:28 DEBUG o.s.b.f.s.DefaultListableBeanFactory:460 -2018-08-12 15:35:28 DEBUG o.s.b.f.s.DefaultListableBeanFactory:254 -2018-08-12 15:35:28 DEBUG o.s.b.f.s.DefaultListableBeanFactory:563 -2018-08-12 15:35:28 DEBUG o.s.b.f.s.DefaultListableBeanFactory:254 -2018-08-12 15:35:28 DEBUG o.s.b.f.s.DefaultListableBeanFactory:497 -2018-08-12 15:35:28 DEBUG o.s.b.f.s.DefaultListableBeanFactory:213 -2018-08-12 15:35:28 DEBUG o.s.b.f.s.DefaultListableBeanFactory:460 -2018-08-12 15:35:28 DEBUG o.s.b.f.s.DefaultListableBeanFactory:254 -2018-08-12 15:35:28 DEBUG o.s.b.f.s.DefaultListableBeanFactory:563 -2018-08-12 15:35:28 DEBUG o.s.b.f.s.DefaultListableBeanFactory:254 -2018-08-12 15:35:28 DEBUG o.s.b.f.s.DefaultListableBeanFactory:497 -2018-08-12 15:35:28 DEBUG o.s.b.f.s.DefaultListableBeanFactory:563 -2018-08-12 15:35:28 DEBUG o.s.b.f.s.DefaultListableBeanFactory:1744 -2018-08-12 15:35:28 DEBUG o.s.b.f.s.DefaultListableBeanFactory:254 -2018-08-12 15:35:28 DEBUG o.s.b.f.s.DefaultListableBeanFactory:497 -2018-08-12 15:35:28 DEBUG o.s.b.f.s.DefaultListableBeanFactory:254 -2018-08-12 15:35:28 DEBUG o.s.b.f.s.DefaultListableBeanFactory:213 -2018-08-12 15:35:28 DEBUG o.s.b.f.s.DefaultListableBeanFactory:460 -2018-08-12 15:35:28 DEBUG o.s.b.f.s.DefaultListableBeanFactory:254 -2018-08-12 15:35:28 DEBUG o.s.b.f.s.DefaultListableBeanFactory:563 -2018-08-12 15:35:28 DEBUG o.s.b.f.s.DefaultListableBeanFactory:1744 -2018-08-12 15:35:28 DEBUG o.s.b.f.s.DefaultListableBeanFactory:254 -2018-08-12 15:35:28 DEBUG o.s.b.f.s.DefaultListableBeanFactory:497 -2018-08-12 15:35:28 DEBUG o.s.b.f.s.DefaultListableBeanFactory:254 -2018-08-12 15:35:28 DEBUG o.s.b.f.s.DefaultListableBeanFactory:213 -2018-08-12 15:35:28 DEBUG o.s.b.f.s.DefaultListableBeanFactory:460 -2018-08-12 15:35:28 DEBUG o.s.b.f.s.DefaultListableBeanFactory:254 -2018-08-12 15:35:28 DEBUG o.s.b.f.s.DefaultListableBeanFactory:563 -2018-08-12 15:35:28 DEBUG o.s.b.f.s.DefaultListableBeanFactory:254 -2018-08-12 15:35:28 DEBUG o.s.b.f.s.DefaultListableBeanFactory:497 -2018-08-12 15:35:28 DEBUG o.s.b.f.s.DefaultListableBeanFactory:213 -2018-08-12 15:35:28 DEBUG o.s.b.f.s.DefaultListableBeanFactory:460 -2018-08-12 15:35:28 DEBUG o.s.c.LocalVariableTableParameterNameDiscoverer:108 -2018-08-12 15:35:28 DEBUG o.s.b.f.s.DefaultListableBeanFactory:254 -2018-08-12 15:35:28 DEBUG o.s.b.f.s.DefaultListableBeanFactory:740 -2018-08-12 15:35:28 DEBUG o.s.b.f.s.DefaultListableBeanFactory:563 -2018-08-12 15:35:28 DEBUG o.s.b.f.s.DefaultListableBeanFactory:254 -2018-08-12 15:35:28 DEBUG o.s.b.f.s.DefaultListableBeanFactory:497 -2018-08-12 15:35:28 DEBUG o.s.b.f.s.DefaultListableBeanFactory:213 -2018-08-12 15:35:28 DEBUG o.s.b.f.s.DefaultListableBeanFactory:460 -2018-08-12 15:35:28 DEBUG o.s.b.f.s.DefaultListableBeanFactory:254 -2018-08-12 15:35:28 DEBUG o.s.b.f.s.DefaultListableBeanFactory:460 -2018-08-12 15:35:28 DEBUG o.s.b.f.s.DefaultListableBeanFactory:254 -2018-08-12 15:35:28 DEBUG s.r.t.tcp:229 -2018-08-12 15:35:28 DEBUG s.r.t.tcp:229 -2018-08-12 15:35:28 DEBUG s.r.loader:229 -2018-08-12 15:35:28 DEBUG o.s.b.f.s.DefaultListableBeanFactory:254 -2018-08-12 15:35:28 DEBUG o.s.b.f.s.DefaultListableBeanFactory:497 -2018-08-12 15:35:28 DEBUG o.s.b.f.s.DefaultListableBeanFactory:740 -2018-08-12 15:35:28 DEBUG o.s.b.f.s.DefaultListableBeanFactory:563 -2018-08-12 15:35:28 DEBUG o.s.b.f.s.DefaultListableBeanFactory:1744 -2018-08-12 15:35:28 DEBUG o.s.b.d.l.LiveReloadServer:114 -2018-08-12 15:35:28 INFO  o.s.b.d.a.OptionalLiveReloadServer:57 -2018-08-12 15:35:28 DEBUG o.s.b.f.s.DefaultListableBeanFactory:254 -2018-08-12 15:35:28 DEBUG o.s.b.f.s.DefaultListableBeanFactory:497 -2018-08-12 15:35:28 DEBUG o.s.b.f.s.DefaultListableBeanFactory:213 -2018-08-12 15:35:28 DEBUG o.s.b.f.s.DefaultListableBeanFactory:460 -2018-08-12 15:35:28 DEBUG o.s.b.f.s.DefaultListableBeanFactory:254 -2018-08-12 15:35:28 DEBUG o.s.b.f.s.DefaultListableBeanFactory:254 -2018-08-12 15:35:28 DEBUG o.s.b.f.s.DefaultListableBeanFactory:740 -2018-08-12 15:35:28 DEBUG o.s.b.f.s.DefaultListableBeanFactory:563 -2018-08-12 15:35:28 DEBUG o.s.b.f.s.DefaultListableBeanFactory:254 -2018-08-12 15:35:28 DEBUG o.s.b.f.s.DefaultListableBeanFactory:497 -2018-08-12 15:35:28 DEBUG o.s.b.f.s.DefaultListableBeanFactory:213 -2018-08-12 15:35:28 DEBUG o.s.b.f.s.DefaultListableBeanFactory:460 -2018-08-12 15:35:28 DEBUG o.s.b.f.s.DefaultListableBeanFactory:563 -2018-08-12 15:35:28 DEBUG o.s.b.f.s.DefaultListableBeanFactory:254 -2018-08-12 15:35:28 DEBUG o.s.b.f.s.DefaultListableBeanFactory:497 -2018-08-12 15:35:28 DEBUG o.s.b.f.s.DefaultListableBeanFactory:254 -2018-08-12 15:35:28 DEBUG o.s.b.f.s.DefaultListableBeanFactory:254 -2018-08-12 15:35:28 DEBUG o.s.c.e.EventListenerMethodProcessor:177 -2018-08-12 15:35:28 DEBUG o.s.c.e.EventListenerMethodProcessor:177 -2018-08-12 15:35:28 DEBUG o.s.c.e.EventListenerMethodProcessor:177 -2018-08-12 15:35:28 DEBUG o.s.b.f.s.DefaultListableBeanFactory:254 -2018-08-12 15:35:28 INFO  o.s.j.e.a.AnnotationMBeanExporter:433 -2018-08-12 15:35:28 DEBUG o.s.j.e.a.AnnotationMBeanExporter:540 -2018-08-12 15:35:28 DEBUG o.s.c.a.AnnotationConfigApplicationContext:792 -2018-08-12 15:35:28 DEBUG o.s.b.f.s.DefaultListableBeanFactory:254 -2018-08-12 15:35:28 DEBUG o.s.b.f.s.DefaultListableBeanFactory:254 -2018-08-12 15:35:28 DEBUG o.s.b.f.s.DefaultListableBeanFactory:254 -2018-08-12 15:35:28 DEBUG o.s.b.a.l.ConditionEvaluationReportLoggingListener:107 -2018-08-12 15:35:28 DEBUG o.s.c.e.PropertySourcesPropertyResolver:115 -2018-08-12 15:35:28 INFO  c.a.M.MavenSpringBootCachingWithLog4jThruAnnotationApplication:59 -2018-08-12 15:35:28 DEBUG o.s.b.f.s.DefaultListableBeanFactory:254 -2018-08-12 15:35:28 DEBUG o.s.b.d.r.Restarter:172 -2018-08-12 15:35:28 DEBUG o.s.b.d.r.Restarter:172 -2018-08-12 15:35:28 DEBUG o.s.b.d.r.Restarter:172 -2018-08-12 15:35:28 DEBUG o.s.b.d.r.Restarter:172 -2018-08-12 15:35:28 DEBUG o.s.b.f.s.DefaultListableBeanFactory:254 -2018-08-12 15:35:28 DEBUG o.s.b.f.s.DefaultListableBeanFactory:254 -2018-08-12 15:35:28 INFO  o.s.c.a.AnnotationConfigApplicationContext:993 -2018-08-12 15:35:28 DEBUG o.s.c.e.PropertySourcesPropertyResolver:115 -2018-08-12 15:35:28 DEBUG o.s.b.f.s.DefaultListableBeanFactory:254 -2018-08-12 15:35:28 DEBUG o.s.b.f.s.DefaultListableBeanFactory:493 -2018-08-12 15:35:28 DEBUG o.s.b.f.s.DisposableBeanAdapter:246 -2018-08-12 15:35:28 DEBUG o.s.b.f.s.DisposableBeanAdapter:246 -2018-08-12 15:35:28 DEBUG o.s.b.f.s.DisposableBeanAdapter:246 -2018-08-12 15:35:28 INFO  o.s.j.e.a.AnnotationMBeanExporter:451 -2018-08-12 15:35:28 DEBUG o.s.b.f.s.DefaultListableBeanFactory:561 -